<?xml version="1.0" encoding="UTF-8"?>
<robot generator="Robot 7.0 (Python 3.12.2 on win32)" generated="2024-04-21T16:36:26.668528" rpa="false" schemaversion="5">
<suite id="s1" name="Acessar Academy" source="c:\Users\etmom\Desktop\ACADEMY_FRONT_END_CHIPS\TESTS\acessar_academy.robot">
<test id="s1-t1" name="CT01- ACESSAR Academy" line="5">
<kw name="Step 1 - Acess page Login Academy" owner="acessar_academy">
<kw name="Open Browser" owner="SeleniumLibrary">
<msg time="2024-04-21T16:36:26.969850" level="INFO">Opening browser 'Firefox' to base url 'https://automacao.qacoders-academy.com.br/login'.</msg>
<arg>url=${URL}</arg>
<arg>browser=${BROWSER}</arg>
<doc>Opens a new browser instance to the optional ``url``.</doc>
<status status="PASS" start="2024-04-21T16:36:26.969850" elapsed="8.819434"/>
</kw>
<status status="PASS" start="2024-04-21T16:36:26.968851" elapsed="8.820433"/>
</kw>
<kw name=" Step 2 - Print login and password and submit" owner="acessar_academy">
<kw name="Input Text" owner="SeleniumLibrary">
<msg time="2024-04-21T16:36:35.792284" level="INFO">Typing text 'sysadmin@qacoders.com' into text field 'id=email'.</msg>
<arg>id=email</arg>
<arg>${EMAIL}</arg>
<doc>Types the given ``text`` into the text field identified by ``locator``.</doc>
<status status="PASS" start="2024-04-21T16:36:35.791287" elapsed="0.092482"/>
</kw>
<kw name="Input Text" owner="SeleniumLibrary">
<msg time="2024-04-21T16:36:35.884770" level="INFO">Typing text '1234@Test' into text field 'id=password'.</msg>
<arg>id=password</arg>
<arg>${PASSWORD}</arg>
<doc>Types the given ``text`` into the text field identified by ``locator``.</doc>
<status status="PASS" start="2024-04-21T16:36:35.884770" elapsed="0.028000"/>
</kw>
<kw name="Click Button" owner="SeleniumLibrary">
<msg time="2024-04-21T16:36:35.913769" level="INFO">Clicking button 'id=login'.</msg>
<arg>id=login</arg>
<doc>Clicks the button identified by ``locator``.</doc>
<status status="PASS" start="2024-04-21T16:36:35.912770" elapsed="0.238273"/>
</kw>
<status status="PASS" start="2024-04-21T16:36:35.790290" elapsed="0.361752"/>
</kw>
<kw name="Step 3 - Verify URL after login" owner="acessar_academy">
<kw name="Wait Until Page Contains Element" owner="SeleniumLibrary">
<arg>${SELECT_BUTTON_SELECTOR}</arg>
<doc>Waits until the element ``locator`` appears on the current page.</doc>
<status status="PASS" start="2024-04-21T16:36:36.153042" elapsed="1.631978"/>
</kw>
<kw name="Click Element" owner="SeleniumLibrary">
<msg time="2024-04-21T16:36:37.786024" level="INFO">Clicking element '//span[@class='MuiTypography-root MuiTypography-body1 MuiListItemText-primary css-yb0lig'][contains(.,'Cadastros')]'.</msg>
<arg>${SELECT_BUTTON_SELECTOR}</arg>
<doc>Click the element identified by ``locator``.</doc>
<status status="PASS" start="2024-04-21T16:36:37.785020" elapsed="0.249003"/>
</kw>
<status status="PASS" start="2024-04-21T16:36:36.152042" elapsed="1.881981"/>
</kw>
<status status="PASS" start="2024-04-21T16:36:26.968851" elapsed="11.065172"/>
</test>
<status status="PASS" start="2024-04-21T16:36:26.674523" elapsed="11.360501"/>
</suite>
<statistics>
<total>
<stat pass="1" fail="0" skip="0">All Tests</stat>
</total>
<tag>
</tag>
<suite>
<stat pass="1" fail="0" skip="0" id="s1" name="Acessar Academy">Acessar Academy</stat>
</suite>
</statistics>
<errors>
</errors>
</robot>
