<?xml version="1.0" encoding="UTF-8"?>
<robot generator="Robot 7.0 (Python 3.12.2 on win32)" generated="2024-04-21T15:55:07.410737" rpa="false" schemaversion="5">
<suite id="s1" name="Tests" source="C:\Users\etmom\Desktop\ACADEMY_FRONT_END_CHIPS\tests">
<suite id="s1-s1" name="Acessar Academy" source="C:\Users\etmom\Desktop\ACADEMY_FRONT_END_CHIPS\tests\acessar_academy.robot">
<test id="s1-s1-t1" name="CT01- ACESSAR Academy" line="5">
<kw name="Step 1 - Acess page Login Academy" owner="acessar_academy">
<kw name="Open Browser" owner="SeleniumLibrary">
<msg time="2024-04-21T15:55:07.595570" level="INFO">Opening browser 'Firefox' to base url 'https://automacao.qacoders-academy.com.br/login'.</msg>
<arg>url=${URL}</arg>
<arg>browser=${BROWSER}</arg>
<doc>Opens a new browser instance to the optional ``url``.</doc>
<status status="PASS" start="2024-04-21T15:55:07.595570" elapsed="6.736823"/>
</kw>
<status status="PASS" start="2024-04-21T15:55:07.594571" elapsed="6.738819"/>
</kw>
<kw name=" Step 2 - Print login and password and submit" owner="acessar_academy">
<kw name="Input Text" owner="SeleniumLibrary">
<msg time="2024-04-21T15:55:14.333390" level="INFO">Typing text 'sysadmin@qacoders.com' into text field 'id=email'.</msg>
<arg>id=email</arg>
<arg>${EMAIL}</arg>
<doc>Types the given ``text`` into the text field identified by ``locator``.</doc>
<status status="PASS" start="2024-04-21T15:55:14.333390" elapsed="0.076544"/>
</kw>
<kw name="Input Text" owner="SeleniumLibrary">
<msg time="2024-04-21T15:55:14.410921" level="INFO">Typing text '1234@Test' into text field 'id=password'.</msg>
<arg>id=password</arg>
<arg>${PASSWORD}</arg>
<doc>Types the given ``text`` into the text field identified by ``locator``.</doc>
<status status="PASS" start="2024-04-21T15:55:14.410921" elapsed="0.020522"/>
</kw>
<kw name="Click Button" owner="SeleniumLibrary">
<msg time="2024-04-21T15:55:14.432441" level="INFO">Clicking button 'id=login'.</msg>
<arg>id=login</arg>
<doc>Clicks the button identified by ``locator``.</doc>
<status status="PASS" start="2024-04-21T15:55:14.431443" elapsed="0.236487"/>
</kw>
<status status="PASS" start="2024-04-21T15:55:14.333390" elapsed="0.334540"/>
</kw>
<kw name="Step 3 - Verify URL after login" owner="acessar_academy">
<kw name="Wait Until Page Contains Element" owner="SeleniumLibrary">
<arg>${SELECT_BUTTON_SELECTOR}</arg>
<doc>Waits until the element ``locator`` appears on the current page.</doc>
<status status="PASS" start="2024-04-21T15:55:14.667930" elapsed="1.229669"/>
</kw>
<kw name="Click Element" owner="SeleniumLibrary">
<msg time="2024-04-21T15:55:15.898606" level="INFO">Clicking element '//span[@class='MuiTypography-root MuiTypography-body1 MuiListItemText-primary css-yb0lig'][contains(.,'Cadastros')]'.</msg>
<arg>${SELECT_BUTTON_SELECTOR}</arg>
<doc>Click the element identified by ``locator``.</doc>
<status status="PASS" start="2024-04-21T15:55:15.898606" elapsed="0.220094"/>
</kw>
<status status="PASS" start="2024-04-21T15:55:14.667930" elapsed="1.450770"/>
</kw>
<status status="PASS" start="2024-04-21T15:55:07.593571" elapsed="8.525129"/>
</test>
<status status="PASS" start="2024-04-21T15:55:07.426998" elapsed="8.692690"/>
</suite>
<suite id="s1-s2" name="Delete Deletar Usuario" source="C:\Users\etmom\Desktop\ACADEMY_FRONT_END_CHIPS\tests\delete_deletar_usuario.robot">
<test id="s1-s2-t1" name="CT01-To Alter Registrer new User" line="9">
<kw name="Step 1 - Acess page Login Academy" owner="acessar_academy">
<kw name="Open Browser" owner="SeleniumLibrary">
<msg time="2024-04-21T15:55:16.135694" level="INFO">Opening browser 'Firefox' to base url 'https://automacao.qacoders-academy.com.br/login'.</msg>
<arg>url=${URL}</arg>
<arg>browser=${BROWSER}</arg>
<doc>Opens a new browser instance to the optional ``url``.</doc>
<status status="PASS" start="2024-04-21T15:55:16.135694" elapsed="7.007167"/>
</kw>
<status status="PASS" start="2024-04-21T15:55:16.135694" elapsed="7.007167"/>
</kw>
<kw name=" Step 2 - Print login and password and submit" owner="acessar_academy">
<kw name="Input Text" owner="SeleniumLibrary">
<msg time="2024-04-21T15:55:23.143861" level="INFO">Typing text 'sysadmin@qacoders.com' into text field 'id=email'.</msg>
<arg>id=email</arg>
<arg>${EMAIL}</arg>
<doc>Types the given ``text`` into the text field identified by ``locator``.</doc>
<status status="PASS" start="2024-04-21T15:55:23.143861" elapsed="0.075166"/>
</kw>
<kw name="Input Text" owner="SeleniumLibrary">
<msg time="2024-04-21T15:55:23.219027" level="INFO">Typing text '1234@Test' into text field 'id=password'.</msg>
<arg>id=password</arg>
<arg>${PASSWORD}</arg>
<doc>Types the given ``text`` into the text field identified by ``locator``.</doc>
<status status="PASS" start="2024-04-21T15:55:23.219027" elapsed="0.020539"/>
</kw>
<kw name="Click Button" owner="SeleniumLibrary">
<msg time="2024-04-21T15:55:23.240564" level="INFO">Clicking button 'id=login'.</msg>
<arg>id=login</arg>
<doc>Clicks the button identified by ``locator``.</doc>
<status status="PASS" start="2024-04-21T15:55:23.240564" elapsed="0.227511"/>
</kw>
<status status="PASS" start="2024-04-21T15:55:23.142861" elapsed="0.325214"/>
</kw>
<kw name="Step 3 - Verify URL after login" owner="acessar_academy">
<kw name="Wait Until Page Contains Element" owner="SeleniumLibrary">
<arg>${SELECT_BUTTON_SELECTOR}</arg>
<doc>Waits until the element ``locator`` appears on the current page.</doc>
<status status="PASS" start="2024-04-21T15:55:23.469084" elapsed="1.228582"/>
</kw>
<kw name="Click Element" owner="SeleniumLibrary">
<msg time="2024-04-21T15:55:24.698683" level="INFO">Clicking element '//span[@class='MuiTypography-root MuiTypography-body1 MuiListItemText-primary css-yb0lig'][contains(.,'Cadastros')]'.</msg>
<arg>${SELECT_BUTTON_SELECTOR}</arg>
<doc>Click the element identified by ``locator``.</doc>
<status status="PASS" start="2024-04-21T15:55:24.698683" elapsed="0.226511"/>
</kw>
<status status="PASS" start="2024-04-21T15:55:23.469084" elapsed="1.456110"/>
</kw>
<kw name="Step 4 - Acess Users" owner="acessar_academy">
<kw name="Wait Until Page Contains Element" owner="SeleniumLibrary">
<arg>${SELECT_BUTTON_USERS}</arg>
<doc>Waits until the element ``locator`` appears on the current page.</doc>
<status status="PASS" start="2024-04-21T15:55:24.925194" elapsed="0.003219"/>
</kw>
<kw name="Click Element" owner="SeleniumLibrary">
<msg time="2024-04-21T15:55:24.928413" level="INFO">Clicking element '//span[contains(.,'Usuários')]'.</msg>
<arg>${SELECT_BUTTON_USERS}</arg>
<doc>Click the element identified by ``locator``.</doc>
<status status="PASS" start="2024-04-21T15:55:24.928413" elapsed="0.216184"/>
</kw>
<status status="PASS" start="2024-04-21T15:55:24.925194" elapsed="0.219403"/>
</kw>
<status status="PASS" start="2024-04-21T15:55:16.134698" elapsed="9.009899"/>
</test>
<status status="PASS" start="2024-04-21T15:55:16.121689" elapsed="9.023907"/>
</suite>
<suite id="s1-s3" name="Get Listar Usuarios" source="C:\Users\etmom\Desktop\ACADEMY_FRONT_END_CHIPS\tests\get_listar_usuarios.robot">
<test id="s1-s3-t1" name="CT01-Create and Registrer new User" line="7">
<kw name="Step 1 - Acess page Login Academy" owner="acessar_academy">
<kw name="Open Browser" owner="SeleniumLibrary">
<msg time="2024-04-21T15:55:25.156702" level="INFO">Opening browser 'Firefox' to base url 'https://automacao.qacoders-academy.com.br/login'.</msg>
<arg>url=${URL}</arg>
<arg>browser=${BROWSER}</arg>
<doc>Opens a new browser instance to the optional ``url``.</doc>
<status status="PASS" start="2024-04-21T15:55:25.155667" elapsed="7.488164"/>
</kw>
<status status="PASS" start="2024-04-21T15:55:25.155667" elapsed="7.488164"/>
</kw>
<kw name=" Step 2 - Print login and password and submit" owner="acessar_academy">
<kw name="Input Text" owner="SeleniumLibrary">
<msg time="2024-04-21T15:55:32.646278" level="INFO">Typing text 'sysadmin@qacoders.com' into text field 'id=email'.</msg>
<arg>id=email</arg>
<arg>${EMAIL}</arg>
<doc>Types the given ``text`` into the text field identified by ``locator``.</doc>
<status status="PASS" start="2024-04-21T15:55:32.645262" elapsed="0.082508"/>
</kw>
<kw name="Input Text" owner="SeleniumLibrary">
<msg time="2024-04-21T15:55:32.727770" level="INFO">Typing text '1234@Test' into text field 'id=password'.</msg>
<arg>id=password</arg>
<arg>${PASSWORD}</arg>
<doc>Types the given ``text`` into the text field identified by ``locator``.</doc>
<status status="PASS" start="2024-04-21T15:55:32.727770" elapsed="0.026234"/>
</kw>
<kw name="Click Button" owner="SeleniumLibrary">
<msg time="2024-04-21T15:55:32.754004" level="INFO">Clicking button 'id=login'.</msg>
<arg>id=login</arg>
<doc>Clicks the button identified by ``locator``.</doc>
<status status="PASS" start="2024-04-21T15:55:32.754004" elapsed="0.237562"/>
</kw>
<status status="PASS" start="2024-04-21T15:55:32.645262" elapsed="0.346304"/>
</kw>
<kw name="Step 3 - Verify URL after login" owner="acessar_academy">
<kw name="Wait Until Page Contains Element" owner="SeleniumLibrary">
<arg>${SELECT_BUTTON_SELECTOR}</arg>
<doc>Waits until the element ``locator`` appears on the current page.</doc>
<status status="PASS" start="2024-04-21T15:55:32.991566" elapsed="1.233519"/>
</kw>
<kw name="Click Element" owner="SeleniumLibrary">
<msg time="2024-04-21T15:55:34.226087" level="INFO">Clicking element '//span[@class='MuiTypography-root MuiTypography-body1 MuiListItemText-primary css-yb0lig'][contains(.,'Cadastros')]'.</msg>
<arg>${SELECT_BUTTON_SELECTOR}</arg>
<doc>Click the element identified by ``locator``.</doc>
<status status="PASS" start="2024-04-21T15:55:34.225085" elapsed="0.231694"/>
</kw>
<status status="PASS" start="2024-04-21T15:55:32.991566" elapsed="1.465213"/>
</kw>
<kw name="Step 4 - Acess Users get" owner="pesquisar _usuario">
<kw name="Wait Until Page Contains Element" owner="SeleniumLibrary">
<arg>${SELECT_BUTTON_USERS}</arg>
<doc>Waits until the element ``locator`` appears on the current page.</doc>
<status status="PASS" start="2024-04-21T15:55:34.457788" elapsed="0.001998"/>
</kw>
<kw name="Click Element" owner="SeleniumLibrary">
<msg time="2024-04-21T15:55:34.459786" level="INFO">Clicking element '//span[contains(.,'Usuários')]'.</msg>
<arg>${SELECT_BUTTON_USERS}</arg>
<doc>Click the element identified by ``locator``.</doc>
<status status="PASS" start="2024-04-21T15:55:34.459786" elapsed="0.214393"/>
</kw>
<status status="PASS" start="2024-04-21T15:55:34.456779" elapsed="0.217400"/>
</kw>
<kw name="Step 5 - Search User Registrer" owner="pesquisar _usuario">
<kw name="Wait Until Page Contains Element" owner="SeleniumLibrary">
<arg>${PESQUISAR_TEXT}</arg>
<doc>Waits until the element ``locator`` appears on the current page.</doc>
<status status="PASS" start="2024-04-21T15:55:34.674179" elapsed="0.205267"/>
</kw>
<kw name="Click Element" owner="SeleniumLibrary">
<msg time="2024-04-21T15:55:34.879446" level="INFO">Clicking element '//input[contains(@class,'MuiInputBase-input MuiOutlinedInput-input MuiInputBase-inputSizeSmall css-1o6z5ng')]'.</msg>
<arg>${PESQUISAR_TEXT}</arg>
<doc>Click the element identified by ``locator``.</doc>
<status status="PASS" start="2024-04-21T15:55:34.879446" elapsed="0.233414"/>
</kw>
<kw name="Input Text" owner="SeleniumLibrary">
<msg time="2024-04-21T15:55:35.112860" level="INFO">Typing text '//p[contains(.,'Etmo Carlos')]' into text field '//input[contains(@class,'MuiInputBase-input MuiOutlinedInput-input MuiInputBase-inputSizeSmall css-1o6z5ng')]'.</msg>
<arg>${PESQUISAR_TEXT}</arg>
<arg>//p[contains(.,'Etmo Carlos')]</arg>
<doc>Types the given ``text`` into the text field identified by ``locator``.</doc>
<status status="PASS" start="2024-04-21T15:55:35.112860" elapsed="0.020000"/>
</kw>
<kw name="Press Keys" owner="SeleniumLibrary">
<msg time="2024-04-21T15:55:35.133860" level="INFO">Sending key(s) ('\\13',) to //input[contains(@class,'MuiInputBase-input MuiOutlinedInput-input MuiInputBase-inputSizeSmall css-1o6z5ng')] element.</msg>
<msg time="2024-04-21T15:55:35.415341" level="INFO">Sending keys \13</msg>
<arg>${PESQUISAR_TEXT}</arg>
<arg>\\13</arg>
<doc>Simulates the user pressing key(s) to an element or on the active browser.</doc>
<status status="PASS" start="2024-04-21T15:55:35.132860" elapsed="0.286994"/>
</kw>
<status status="PASS" start="2024-04-21T15:55:34.674179" elapsed="0.746683"/>
</kw>
<status status="PASS" start="2024-04-21T15:55:25.155667" elapsed="10.265195"/>
</test>
<status status="PASS" start="2024-04-21T15:55:25.146597" elapsed="10.275253"/>
</suite>
<suite id="s1-s4" name="Post Cpf Usuario" source="C:\Users\etmom\Desktop\ACADEMY_FRONT_END_CHIPS\tests\post_cpf_usuario.robot">
<test id="s1-s4-t1" name="CT01-Create and Registrer new User" line="9">
<kw name="Step 1 - Acess page Login Academy" owner="acessar_academy">
<kw name="Open Browser" owner="SeleniumLibrary">
<msg time="2024-04-21T15:55:35.437749" level="INFO">Opening browser 'Firefox' to base url 'https://automacao.qacoders-academy.com.br/login'.</msg>
<arg>url=${URL}</arg>
<arg>browser=${BROWSER}</arg>
<doc>Opens a new browser instance to the optional ``url``.</doc>
<status status="PASS" start="2024-04-21T15:55:35.437749" elapsed="6.544062"/>
</kw>
<status status="PASS" start="2024-04-21T15:55:35.436734" elapsed="6.546077"/>
</kw>
<kw name=" Step 2 - Print login and password and submit" owner="acessar_academy">
<kw name="Input Text" owner="SeleniumLibrary">
<msg time="2024-04-21T15:55:41.983811" level="INFO">Typing text 'sysadmin@qacoders.com' into text field 'id=email'.</msg>
<arg>id=email</arg>
<arg>${EMAIL}</arg>
<doc>Types the given ``text`` into the text field identified by ``locator``.</doc>
<status status="PASS" start="2024-04-21T15:55:41.982811" elapsed="0.082548"/>
</kw>
<kw name="Input Text" owner="SeleniumLibrary">
<msg time="2024-04-21T15:55:42.065359" level="INFO">Typing text '1234@Test' into text field 'id=password'.</msg>
<arg>id=password</arg>
<arg>${PASSWORD}</arg>
<doc>Types the given ``text`` into the text field identified by ``locator``.</doc>
<status status="PASS" start="2024-04-21T15:55:42.065359" elapsed="0.027010"/>
</kw>
<kw name="Click Button" owner="SeleniumLibrary">
<msg time="2024-04-21T15:55:42.092369" level="INFO">Clicking button 'id=login'.</msg>
<arg>id=login</arg>
<doc>Clicks the button identified by ``locator``.</doc>
<status status="PASS" start="2024-04-21T15:55:42.092369" elapsed="0.254690"/>
</kw>
<status status="PASS" start="2024-04-21T15:55:41.982811" elapsed="0.364248"/>
</kw>
<kw name="Step 3 - Verify URL after login" owner="acessar_academy">
<kw name="Wait Until Page Contains Element" owner="SeleniumLibrary">
<arg>${SELECT_BUTTON_SELECTOR}</arg>
<doc>Waits until the element ``locator`` appears on the current page.</doc>
<status status="PASS" start="2024-04-21T15:55:42.348058" elapsed="1.222853"/>
</kw>
<kw name="Click Element" owner="SeleniumLibrary">
<msg time="2024-04-21T15:55:43.571909" level="INFO">Clicking element '//span[@class='MuiTypography-root MuiTypography-body1 MuiListItemText-primary css-yb0lig'][contains(.,'Cadastros')]'.</msg>
<arg>${SELECT_BUTTON_SELECTOR}</arg>
<doc>Click the element identified by ``locator``.</doc>
<status status="PASS" start="2024-04-21T15:55:43.570911" elapsed="0.233268"/>
</kw>
<status status="PASS" start="2024-04-21T15:55:42.348058" elapsed="1.456121"/>
</kw>
<kw name="Step 4 - Acess Users" owner="acessar_academy">
<kw name="Wait Until Page Contains Element" owner="SeleniumLibrary">
<arg>${SELECT_BUTTON_USERS}</arg>
<doc>Waits until the element ``locator`` appears on the current page.</doc>
<status status="PASS" start="2024-04-21T15:55:43.804179" elapsed="0.002011"/>
</kw>
<kw name="Click Element" owner="SeleniumLibrary">
<msg time="2024-04-21T15:55:43.807187" level="INFO">Clicking element '//span[contains(.,'Usuários')]'.</msg>
<arg>${SELECT_BUTTON_USERS}</arg>
<doc>Click the element identified by ``locator``.</doc>
<status status="PASS" start="2024-04-21T15:55:43.806190" elapsed="0.229985"/>
</kw>
<status status="PASS" start="2024-04-21T15:55:43.804179" elapsed="0.231996"/>
</kw>
<kw name="Step 5 - Acess Users" owner="acessar_academy">
<kw name="Wait Until Page Contains Element" owner="SeleniumLibrary">
<arg>${SELECT_BUTTON_NEW}</arg>
<doc>Waits until the element ``locator`` appears on the current page.</doc>
<status status="PASS" start="2024-04-21T15:55:44.037171" elapsed="0.004007"/>
</kw>
<kw name="Click Element" owner="SeleniumLibrary">
<msg time="2024-04-21T15:55:44.041178" level="INFO">Clicking element '//button[contains(.,'Novo Cadastro')]'.</msg>
<arg>${SELECT_BUTTON_NEW}</arg>
<doc>Click the element identified by ``locator``.</doc>
<status status="PASS" start="2024-04-21T15:55:44.041178" elapsed="0.232290"/>
</kw>
<status status="PASS" start="2024-04-21T15:55:44.036175" elapsed="0.237293"/>
</kw>
<kw name="Step 5 - Create New User Full Name" owner="criar_novo_usuario">
<kw name="Generate Random String" owner="String">
<msg time="2024-04-21T15:55:44.275481" level="INFO">${palavra_randomica} = RWpgAyKd</msg>
<var>${palavra_randomica}</var>
<arg>length=8</arg>
<arg>chars=[LETTERS]</arg>
<doc>Generates a string with a desired ``length`` from the given ``chars``.</doc>
<status status="PASS" start="2024-04-21T15:55:44.274468" elapsed="0.001013"/>
</kw>
<kw name="Convert To Lower Case" owner="String">
<msg time="2024-04-21T15:55:44.275481" level="INFO">${palavra_randomica} = rwpgaykd</msg>
<var>${palavra_randomica}</var>
<arg>${palavra_randomica}</arg>
<doc>Converts string to lower case.</doc>
<status status="PASS" start="2024-04-21T15:55:44.275481" elapsed="0.000000"/>
</kw>
<kw name="Set Test Variable" owner="BuiltIn">
<msg time="2024-04-21T15:55:44.276464" level="INFO">${FULL_NAME} = Mrwpgaykd dos Santos</msg>
<arg>${FULL_NAME}</arg>
<arg>M${palavra_randomica} dos Santos</arg>
<doc>Makes a variable available everywhere within the scope of the current test.</doc>
<status status="PASS" start="2024-04-21T15:55:44.275481" elapsed="0.000983"/>
</kw>
<kw name="Log" owner="BuiltIn">
<msg time="2024-04-21T15:55:44.276464" level="INFO">Mrwpgaykd dos Santos</msg>
<arg>${FULL_NAME}</arg>
<doc>Logs the given message with the given level.</doc>
<status status="PASS" start="2024-04-21T15:55:44.276464" elapsed="0.000000"/>
</kw>
<kw name="Input Text" owner="SeleniumLibrary">
<msg time="2024-04-21T15:55:44.277465" level="INFO">Typing text 'Mrwpgaykd dos Santos' into text field '//input[contains(@name,'fullName')]'.</msg>
<arg>${FULL_NAME_TEXT}</arg>
<arg>${FULL_NAME}</arg>
<doc>Types the given ``text`` into the text field identified by ``locator``.</doc>
<status status="PASS" start="2024-04-21T15:55:44.277465" elapsed="0.053093"/>
</kw>
<status status="PASS" start="2024-04-21T15:55:44.274468" elapsed="0.057089"/>
</kw>
<kw name="Step 6 - Create New User MAIL" owner="criar_novo_usuario">
<kw name="Generate Random String" owner="String">
<msg time="2024-04-21T15:55:44.332572" level="INFO">${palavra_randomica} = YKAGnRGs</msg>
<var>${palavra_randomica}</var>
<arg>length=8</arg>
<arg>chars=[LETTERS]</arg>
<doc>Generates a string with a desired ``length`` from the given ``chars``.</doc>
<status status="PASS" start="2024-04-21T15:55:44.332572" elapsed="0.000000"/>
</kw>
<kw name="Convert To Lower Case" owner="String">
<msg time="2024-04-21T15:55:44.333560" level="INFO">${palavra_randomica} = ykagnrgs</msg>
<var>${palavra_randomica}</var>
<arg>${palavra_randomica}</arg>
<doc>Converts string to lower case.</doc>
<status status="PASS" start="2024-04-21T15:55:44.333560" elapsed="0.000000"/>
</kw>
<kw name="Set Test Variable" owner="BuiltIn">
<msg time="2024-04-21T15:55:44.336563" level="INFO">${MAIL} = ykagnrgs@qacoders.com.br</msg>
<arg>${MAIL}</arg>
<arg>${palavra_randomica}@qacoders.com.br</arg>
<doc>Makes a variable available everywhere within the scope of the current test.</doc>
<status status="PASS" start="2024-04-21T15:55:44.333560" elapsed="0.003003"/>
</kw>
<kw name="Log" owner="BuiltIn">
<msg time="2024-04-21T15:55:44.337564" level="INFO">ykagnrgs@qacoders.com.br</msg>
<arg>${MAIL}</arg>
<doc>Logs the given message with the given level.</doc>
<status status="PASS" start="2024-04-21T15:55:44.336563" elapsed="0.001001"/>
</kw>
<kw name="Input Text" owner="SeleniumLibrary">
<msg time="2024-04-21T15:55:44.338562" level="INFO">Typing text 'ykagnrgs@qacoders.com.br' into text field '//input[contains(@name,'mail')]'.</msg>
<arg>${MAIL_TEXT}</arg>
<arg>${MAIL}</arg>
<doc>Types the given ``text`` into the text field identified by ``locator``.</doc>
<status status="PASS" start="2024-04-21T15:55:44.337564" elapsed="0.097348"/>
</kw>
<status status="PASS" start="2024-04-21T15:55:44.331557" elapsed="0.103355"/>
</kw>
<kw name=" Step 7 - Register a cpf whith Letters" owner="criar_cpf_usuario">
<kw name="Input Text" owner="SeleniumLibrary">
<msg time="2024-04-21T15:55:44.436914" level="INFO">Typing text 'ABCDEFEhijlm' into text field '//input[contains(@name,'cpf')]'.</msg>
<arg>${CPF_TEXT}</arg>
<arg>ABCDEFEhijlm</arg>
<doc>Types the given ``text`` into the text field identified by ``locator``.</doc>
<status status="PASS" start="2024-04-21T15:55:44.436914" elapsed="0.048495"/>
</kw>
<status status="PASS" start="2024-04-21T15:55:44.435921" elapsed="0.050481"/>
</kw>
<kw name="Step 8 - Create New Password" owner="criar_novo_usuario">
<kw name="Generate Random String" owner="String">
<msg time="2024-04-21T15:55:44.488404" level="INFO">${palavra_randomica} = IL</msg>
<var>${palavra_randomica}</var>
<arg>length=2</arg>
<arg>chars=[LETTERS]</arg>
<doc>Generates a string with a desired ``length`` from the given ``chars``.</doc>
<status status="PASS" start="2024-04-21T15:55:44.487406" elapsed="0.000998"/>
</kw>
<kw name="Convert To Lower Case" owner="String">
<msg time="2024-04-21T15:55:44.488404" level="INFO">${palavra_randomica} = il</msg>
<var>${palavra_randomica}</var>
<arg>${palavra_randomica}</arg>
<doc>Converts string to lower case.</doc>
<status status="PASS" start="2024-04-21T15:55:44.488404" elapsed="0.000000"/>
</kw>
<kw name="Set Test Variable" owner="BuiltIn">
<msg time="2024-04-21T15:55:44.489399" level="INFO">${PASSWORD} = ilM@1234</msg>
<arg>${PASSWORD}</arg>
<arg>${palavra_randomica}M@1234</arg>
<doc>Makes a variable available everywhere within the scope of the current test.</doc>
<status status="PASS" start="2024-04-21T15:55:44.488404" elapsed="0.000995"/>
</kw>
<kw name="Log" owner="BuiltIn">
<msg time="2024-04-21T15:55:44.489399" level="INFO">ilM@1234</msg>
<arg>${PASSWORD}</arg>
<doc>Logs the given message with the given level.</doc>
<status status="PASS" start="2024-04-21T15:55:44.489399" elapsed="0.000000"/>
</kw>
<kw name="Input Password" owner="SeleniumLibrary">
<msg time="2024-04-21T15:55:44.489399" level="INFO">Typing password into text field '//input[contains(@name,'password')]'.</msg>
<msg time="2024-04-21T15:55:44.500408" level="INFO">Temporally setting log level to: NONE</msg>
<arg>${PASSWORD_TEXT}</arg>
<arg>${PASSWORD}</arg>
<doc>Types the given password into the text field identified by ``locator``.</doc>
<status status="PASS" start="2024-04-21T15:55:44.489399" elapsed="0.038014"/>
</kw>
<kw name="Input Password" owner="SeleniumLibrary">
<msg time="2024-04-21T15:55:44.527413" level="INFO">Typing password into text field '//input[contains(@name,'confirmPassword')]'.</msg>
<msg time="2024-04-21T15:55:44.540430" level="INFO">Temporally setting log level to: NONE</msg>
<arg>${CONFIRM_PASS_TEXT}</arg>
<arg>${PASSWORD}</arg>
<doc>Types the given password into the text field identified by ``locator``.</doc>
<status status="PASS" start="2024-04-21T15:55:44.527413" elapsed="0.034195"/>
</kw>
<status status="PASS" start="2024-04-21T15:55:44.486402" elapsed="0.075206"/>
</kw>
<kw name="Step 9 - Create Acess Profile" owner="criar_novo_usuario">
<kw name="Input Text" owner="SeleniumLibrary">
<msg time="2024-04-21T15:55:44.562619" level="INFO">Typing text 'ADMIN' into text field '//input[contains(@name,'accessProfile')]'.</msg>
<arg>${ACESS_PROFILE_TEXT}</arg>
<arg>${ADM}</arg>
<doc>Types the given ``text`` into the text field identified by ``locator``.</doc>
<status status="PASS" start="2024-04-21T15:55:44.562619" elapsed="0.031527"/>
</kw>
<kw name="Click Element" owner="SeleniumLibrary">
<msg time="2024-04-21T15:55:44.596154" level="INFO">Clicking element '//button[@type='submit'][contains(.,'SALVAR NOVO')]'.</msg>
<arg>//button[@type='submit'][contains(.,'SALVAR NOVO')]</arg>
<doc>Click the element identified by ``locator``.</doc>
<status status="PASS" start="2024-04-21T15:55:44.595139" elapsed="0.260995"/>
</kw>
<status status="PASS" start="2024-04-21T15:55:44.561608" elapsed="0.294526"/>
</kw>
<kw name="Step 10 - verify User cpf whith letters" owner="criar_cpf_usuario">
<kw name="Wait Until Page Contains" owner="SeleniumLibrary">
<arg>Deve preencher o CPF com 11 dígitos</arg>
<doc>Waits until ``text`` appears on the current page.</doc>
<status status="PASS" start="2024-04-21T15:55:44.857130" elapsed="0.215588"/>
</kw>
<kw name="Wait Until Page Contains Element" owner="SeleniumLibrary">
<arg>//div[@class='MuiPaper-root MuiPaper-elevation MuiPaper-rounded MuiPaper-elevation0 MuiAlert-root MuiAlert-standardError MuiAlert-standard css-laiely'][contains(.,'Deve preencher o CPF com 11 dígitos')]</arg>
<doc>Waits until the element ``locator`` appears on the current page.</doc>
<status status="PASS" start="2024-04-21T15:55:45.073710" elapsed="0.016938"/>
</kw>
<status status="PASS" start="2024-04-21T15:55:44.857130" elapsed="0.233518"/>
</kw>
<status status="PASS" start="2024-04-21T15:55:35.436734" elapsed="9.653914"/>
</test>
<test id="s1-s4-t2" name="CT02-Create and Registrer new User" line="23">
<kw name="Step 1 - Acess page Login Academy" owner="acessar_academy">
<kw name="Open Browser" owner="SeleniumLibrary">
<msg time="2024-04-21T15:55:45.093650" level="INFO">Opening browser 'Firefox' to base url 'https://automacao.qacoders-academy.com.br/login'.</msg>
<arg>url=${URL}</arg>
<arg>browser=${BROWSER}</arg>
<doc>Opens a new browser instance to the optional ``url``.</doc>
<status status="PASS" start="2024-04-21T15:55:45.092654" elapsed="6.913542"/>
</kw>
<status status="PASS" start="2024-04-21T15:55:45.092654" elapsed="6.913542"/>
</kw>
<kw name=" Step 2 - Print login and password and submit" owner="acessar_academy">
<kw name="Input Text" owner="SeleniumLibrary">
<msg time="2024-04-21T15:55:52.007217" level="INFO">Typing text 'sysadmin@qacoders.com' into text field 'id=email'.</msg>
<arg>id=email</arg>
<arg>${EMAIL}</arg>
<doc>Types the given ``text`` into the text field identified by ``locator``.</doc>
<status status="PASS" start="2024-04-21T15:55:52.007217" elapsed="0.111851"/>
</kw>
<kw name="Input Text" owner="SeleniumLibrary">
<msg time="2024-04-21T15:55:52.120067" level="INFO">Typing text '1234@Test' into text field 'id=password'.</msg>
<arg>id=password</arg>
<arg>${PASSWORD}</arg>
<doc>Types the given ``text`` into the text field identified by ``locator``.</doc>
<status status="PASS" start="2024-04-21T15:55:52.120067" elapsed="0.027903"/>
</kw>
<kw name="Click Button" owner="SeleniumLibrary">
<msg time="2024-04-21T15:55:52.148973" level="INFO">Clicking button 'id=login'.</msg>
<arg>id=login</arg>
<doc>Clicks the button identified by ``locator``.</doc>
<status status="PASS" start="2024-04-21T15:55:52.148973" elapsed="0.239726"/>
</kw>
<status status="PASS" start="2024-04-21T15:55:52.007217" elapsed="0.381482"/>
</kw>
<kw name="Step 3 - Verify URL after login" owner="acessar_academy">
<kw name="Wait Until Page Contains Element" owner="SeleniumLibrary">
<arg>${SELECT_BUTTON_SELECTOR}</arg>
<doc>Waits until the element ``locator`` appears on the current page.</doc>
<status status="PASS" start="2024-04-21T15:55:52.390698" elapsed="2.656186"/>
</kw>
<kw name="Click Element" owner="SeleniumLibrary">
<msg time="2024-04-21T15:55:55.047902" level="INFO">Clicking element '//span[@class='MuiTypography-root MuiTypography-body1 MuiListItemText-primary css-yb0lig'][contains(.,'Cadastros')]'.</msg>
<arg>${SELECT_BUTTON_SELECTOR}</arg>
<doc>Click the element identified by ``locator``.</doc>
<status status="PASS" start="2024-04-21T15:55:55.047902" elapsed="0.227716"/>
</kw>
<status status="PASS" start="2024-04-21T15:55:52.389700" elapsed="2.885918"/>
</kw>
<kw name="Step 4 - Acess Users" owner="acessar_academy">
<kw name="Wait Until Page Contains Element" owner="SeleniumLibrary">
<arg>${SELECT_BUTTON_USERS}</arg>
<doc>Waits until the element ``locator`` appears on the current page.</doc>
<status status="PASS" start="2024-04-21T15:55:55.275618" elapsed="0.002998"/>
</kw>
<kw name="Click Element" owner="SeleniumLibrary">
<msg time="2024-04-21T15:55:55.278616" level="INFO">Clicking element '//span[contains(.,'Usuários')]'.</msg>
<arg>${SELECT_BUTTON_USERS}</arg>
<doc>Click the element identified by ``locator``.</doc>
<status status="PASS" start="2024-04-21T15:55:55.278616" elapsed="0.213062"/>
</kw>
<status status="PASS" start="2024-04-21T15:55:55.275618" elapsed="0.217058"/>
</kw>
<kw name="Step 5 - Acess Users" owner="acessar_academy">
<kw name="Wait Until Page Contains Element" owner="SeleniumLibrary">
<arg>${SELECT_BUTTON_NEW}</arg>
<doc>Waits until the element ``locator`` appears on the current page.</doc>
<status status="PASS" start="2024-04-21T15:55:55.493683" elapsed="0.003638"/>
</kw>
<kw name="Click Element" owner="SeleniumLibrary">
<msg time="2024-04-21T15:55:55.497321" level="INFO">Clicking element '//button[contains(.,'Novo Cadastro')]'.</msg>
<arg>${SELECT_BUTTON_NEW}</arg>
<doc>Click the element identified by ``locator``.</doc>
<status status="PASS" start="2024-04-21T15:55:55.497321" elapsed="0.230422"/>
</kw>
<status status="PASS" start="2024-04-21T15:55:55.492676" elapsed="0.235067"/>
</kw>
<kw name="Step 5 - Create New User Full Name" owner="criar_novo_usuario">
<kw name="Generate Random String" owner="String">
<msg time="2024-04-21T15:55:55.728720" level="INFO">${palavra_randomica} = rXbyYXsN</msg>
<var>${palavra_randomica}</var>
<arg>length=8</arg>
<arg>chars=[LETTERS]</arg>
<doc>Generates a string with a desired ``length`` from the given ``chars``.</doc>
<status status="PASS" start="2024-04-21T15:55:55.728720" elapsed="0.000000"/>
</kw>
<kw name="Convert To Lower Case" owner="String">
<msg time="2024-04-21T15:55:55.728720" level="INFO">${palavra_randomica} = rxbyyxsn</msg>
<var>${palavra_randomica}</var>
<arg>${palavra_randomica}</arg>
<doc>Converts string to lower case.</doc>
<status status="PASS" start="2024-04-21T15:55:55.728720" elapsed="0.000000"/>
</kw>
<kw name="Set Test Variable" owner="BuiltIn">
<msg time="2024-04-21T15:55:55.730249" level="INFO">${FULL_NAME} = Mrxbyyxsn dos Santos</msg>
<arg>${FULL_NAME}</arg>
<arg>M${palavra_randomica} dos Santos</arg>
<doc>Makes a variable available everywhere within the scope of the current test.</doc>
<status status="PASS" start="2024-04-21T15:55:55.728720" elapsed="0.001529"/>
</kw>
<kw name="Log" owner="BuiltIn">
<msg time="2024-04-21T15:55:55.730249" level="INFO">Mrxbyyxsn dos Santos</msg>
<arg>${FULL_NAME}</arg>
<doc>Logs the given message with the given level.</doc>
<status status="PASS" start="2024-04-21T15:55:55.730249" elapsed="0.000000"/>
</kw>
<kw name="Input Text" owner="SeleniumLibrary">
<msg time="2024-04-21T15:55:55.731261" level="INFO">Typing text 'Mrxbyyxsn dos Santos' into text field '//input[contains(@name,'fullName')]'.</msg>
<arg>${FULL_NAME_TEXT}</arg>
<arg>${FULL_NAME}</arg>
<doc>Types the given ``text`` into the text field identified by ``locator``.</doc>
<status status="PASS" start="2024-04-21T15:55:55.730249" elapsed="0.048058"/>
</kw>
<status status="PASS" start="2024-04-21T15:55:55.728720" elapsed="0.049587"/>
</kw>
<kw name="Step 6 - Create New User MAIL" owner="criar_novo_usuario">
<kw name="Generate Random String" owner="String">
<msg time="2024-04-21T15:55:55.780309" level="INFO">${palavra_randomica} = UzwgcSVA</msg>
<var>${palavra_randomica}</var>
<arg>length=8</arg>
<arg>chars=[LETTERS]</arg>
<doc>Generates a string with a desired ``length`` from the given ``chars``.</doc>
<status status="PASS" start="2024-04-21T15:55:55.780309" elapsed="0.000000"/>
</kw>
<kw name="Convert To Lower Case" owner="String">
<msg time="2024-04-21T15:55:55.781305" level="INFO">${palavra_randomica} = uzwgcsva</msg>
<var>${palavra_randomica}</var>
<arg>${palavra_randomica}</arg>
<doc>Converts string to lower case.</doc>
<status status="PASS" start="2024-04-21T15:55:55.781305" elapsed="0.000000"/>
</kw>
<kw name="Set Test Variable" owner="BuiltIn">
<msg time="2024-04-21T15:55:55.782312" level="INFO">${MAIL} = uzwgcsva@qacoders.com.br</msg>
<arg>${MAIL}</arg>
<arg>${palavra_randomica}@qacoders.com.br</arg>
<doc>Makes a variable available everywhere within the scope of the current test.</doc>
<status status="PASS" start="2024-04-21T15:55:55.781305" elapsed="0.001007"/>
</kw>
<kw name="Log" owner="BuiltIn">
<msg time="2024-04-21T15:55:55.782312" level="INFO">uzwgcsva@qacoders.com.br</msg>
<arg>${MAIL}</arg>
<doc>Logs the given message with the given level.</doc>
<status status="PASS" start="2024-04-21T15:55:55.782312" elapsed="0.000000"/>
</kw>
<kw name="Input Text" owner="SeleniumLibrary">
<msg time="2024-04-21T15:55:55.783313" level="INFO">Typing text 'uzwgcsva@qacoders.com.br' into text field '//input[contains(@name,'mail')]'.</msg>
<arg>${MAIL_TEXT}</arg>
<arg>${MAIL}</arg>
<doc>Types the given ``text`` into the text field identified by ``locator``.</doc>
<status status="PASS" start="2024-04-21T15:55:55.782312" elapsed="0.077524"/>
</kw>
<status status="PASS" start="2024-04-21T15:55:55.779308" elapsed="0.081514"/>
</kw>
<kw name="Step 7 - Register a CPF must contain + 11 numbers" owner="criar_cpf_usuario">
<kw name="Input Text" owner="SeleniumLibrary">
<msg time="2024-04-21T15:55:55.861820" level="INFO">Typing text '370572548303' into text field '//input[contains(@name,'cpf')]'.</msg>
<arg>${CPF_TEXT}</arg>
<arg>370572548303</arg>
<doc>Types the given ``text`` into the text field identified by ``locator``.</doc>
<status status="PASS" start="2024-04-21T15:55:55.860822" elapsed="0.041008"/>
</kw>
<status status="PASS" start="2024-04-21T15:55:55.860822" elapsed="0.041008"/>
</kw>
<kw name="Step 8 - Create New Password" owner="criar_novo_usuario">
<kw name="Generate Random String" owner="String">
<msg time="2024-04-21T15:55:55.903832" level="INFO">${palavra_randomica} = TH</msg>
<var>${palavra_randomica}</var>
<arg>length=2</arg>
<arg>chars=[LETTERS]</arg>
<doc>Generates a string with a desired ``length`` from the given ``chars``.</doc>
<status status="PASS" start="2024-04-21T15:55:55.902844" elapsed="0.000988"/>
</kw>
<kw name="Convert To Lower Case" owner="String">
<msg time="2024-04-21T15:55:55.904871" level="INFO">${palavra_randomica} = th</msg>
<var>${palavra_randomica}</var>
<arg>${palavra_randomica}</arg>
<doc>Converts string to lower case.</doc>
<status status="PASS" start="2024-04-21T15:55:55.903832" elapsed="0.001039"/>
</kw>
<kw name="Set Test Variable" owner="BuiltIn">
<msg time="2024-04-21T15:55:55.905863" level="INFO">${PASSWORD} = thM@1234</msg>
<arg>${PASSWORD}</arg>
<arg>${palavra_randomica}M@1234</arg>
<doc>Makes a variable available everywhere within the scope of the current test.</doc>
<status status="PASS" start="2024-04-21T15:55:55.904871" elapsed="0.000992"/>
</kw>
<kw name="Log" owner="BuiltIn">
<msg time="2024-04-21T15:55:55.905863" level="INFO">thM@1234</msg>
<arg>${PASSWORD}</arg>
<doc>Logs the given message with the given level.</doc>
<status status="PASS" start="2024-04-21T15:55:55.905863" elapsed="0.000000"/>
</kw>
<kw name="Input Password" owner="SeleniumLibrary">
<msg time="2024-04-21T15:55:55.906870" level="INFO">Typing password into text field '//input[contains(@name,'password')]'.</msg>
<msg time="2024-04-21T15:55:55.918878" level="INFO">Temporally setting log level to: NONE</msg>
<arg>${PASSWORD_TEXT}</arg>
<arg>${PASSWORD}</arg>
<doc>Types the given password into the text field identified by ``locator``.</doc>
<status status="PASS" start="2024-04-21T15:55:55.906870" elapsed="0.040903"/>
</kw>
<kw name="Input Password" owner="SeleniumLibrary">
<msg time="2024-04-21T15:55:55.948825" level="INFO">Typing password into text field '//input[contains(@name,'confirmPassword')]'.</msg>
<msg time="2024-04-21T15:55:55.957743" level="INFO">Temporally setting log level to: NONE</msg>
<arg>${CONFIRM_PASS_TEXT}</arg>
<arg>${PASSWORD}</arg>
<doc>Types the given password into the text field identified by ``locator``.</doc>
<status status="PASS" start="2024-04-21T15:55:55.948825" elapsed="0.030919"/>
</kw>
<status status="PASS" start="2024-04-21T15:55:55.901830" elapsed="0.077914"/>
</kw>
<kw name="Step 9 - Create Acess Profile" owner="criar_novo_usuario">
<kw name="Input Text" owner="SeleniumLibrary">
<msg time="2024-04-21T15:55:55.981269" level="INFO">Typing text 'ADMIN' into text field '//input[contains(@name,'accessProfile')]'.</msg>
<arg>${ACESS_PROFILE_TEXT}</arg>
<arg>${ADM}</arg>
<doc>Types the given ``text`` into the text field identified by ``locator``.</doc>
<status status="PASS" start="2024-04-21T15:55:55.981269" elapsed="0.030043"/>
</kw>
<kw name="Click Element" owner="SeleniumLibrary">
<msg time="2024-04-21T15:55:56.012315" level="INFO">Clicking element '//button[@type='submit'][contains(.,'SALVAR NOVO')]'.</msg>
<arg>//button[@type='submit'][contains(.,'SALVAR NOVO')]</arg>
<doc>Click the element identified by ``locator``.</doc>
<status status="PASS" start="2024-04-21T15:55:56.012315" elapsed="0.230568"/>
</kw>
<status status="PASS" start="2024-04-21T15:55:55.979744" elapsed="0.263139"/>
</kw>
<kw name="Step 10 - verify User cpf must contain + 11 numbers" owner="criar_cpf_usuario">
<kw name="Wait Until Page Contains" owner="SeleniumLibrary">
<arg>Deve preencher o CPF com 11 dígitos</arg>
<doc>Waits until ``text`` appears on the current page.</doc>
<status status="PASS" start="2024-04-21T15:55:56.243894" elapsed="0.413833"/>
</kw>
<kw name="Wait Until Page Contains Element" owner="SeleniumLibrary">
<arg>//div[@class='MuiPaper-root MuiPaper-elevation MuiPaper-rounded MuiPaper-elevation0 MuiAlert-root MuiAlert-standardError MuiAlert-standard css-laiely'][contains(.,'Deve preencher o CPF com 11 dígitos')]</arg>
<doc>Waits until the element ``locator`` appears on the current page.</doc>
<status status="PASS" start="2024-04-21T15:55:56.657727" elapsed="0.005021"/>
</kw>
<status status="PASS" start="2024-04-21T15:55:56.243894" elapsed="0.418854"/>
</kw>
<status status="PASS" start="2024-04-21T15:55:45.092654" elapsed="11.570094"/>
</test>
<test id="s1-s4-t3" name="CT03-Create and Registrer new User" line="36">
<kw name="Step 1 - Acess page Login Academy" owner="acessar_academy">
<kw name="Open Browser" owner="SeleniumLibrary">
<msg time="2024-04-21T15:55:56.664808" level="INFO">Opening browser 'Firefox' to base url 'https://automacao.qacoders-academy.com.br/login'.</msg>
<arg>url=${URL}</arg>
<arg>browser=${BROWSER}</arg>
<doc>Opens a new browser instance to the optional ``url``.</doc>
<status status="PASS" start="2024-04-21T15:55:56.664808" elapsed="6.980689"/>
</kw>
<status status="PASS" start="2024-04-21T15:55:56.663728" elapsed="6.981769"/>
</kw>
<kw name=" Step 2 - Print login and password and submit" owner="acessar_academy">
<kw name="Input Text" owner="SeleniumLibrary">
<msg time="2024-04-21T15:56:03.646483" level="INFO">Typing text 'sysadmin@qacoders.com' into text field 'id=email'.</msg>
<arg>id=email</arg>
<arg>${EMAIL}</arg>
<doc>Types the given ``text`` into the text field identified by ``locator``.</doc>
<status status="PASS" start="2024-04-21T15:56:03.646483" elapsed="0.072502"/>
</kw>
<kw name="Input Text" owner="SeleniumLibrary">
<msg time="2024-04-21T15:56:03.718985" level="INFO">Typing text '1234@Test' into text field 'id=password'.</msg>
<arg>id=password</arg>
<arg>${PASSWORD}</arg>
<doc>Types the given ``text`` into the text field identified by ``locator``.</doc>
<status status="PASS" start="2024-04-21T15:56:03.718985" elapsed="0.020883"/>
</kw>
<kw name="Click Button" owner="SeleniumLibrary">
<msg time="2024-04-21T15:56:03.739868" level="INFO">Clicking button 'id=login'.</msg>
<arg>id=login</arg>
<doc>Clicks the button identified by ``locator``.</doc>
<status status="PASS" start="2024-04-21T15:56:03.739868" elapsed="0.239961"/>
</kw>
<status status="PASS" start="2024-04-21T15:56:03.645497" elapsed="0.334332"/>
</kw>
<kw name="Step 3 - Verify URL after login" owner="acessar_academy">
<kw name="Wait Until Page Contains Element" owner="SeleniumLibrary">
<arg>${SELECT_BUTTON_SELECTOR}</arg>
<doc>Waits until the element ``locator`` appears on the current page.</doc>
<status status="PASS" start="2024-04-21T15:56:03.980824" elapsed="1.232222"/>
</kw>
<kw name="Click Element" owner="SeleniumLibrary">
<msg time="2024-04-21T15:56:05.214048" level="INFO">Clicking element '//span[@class='MuiTypography-root MuiTypography-body1 MuiListItemText-primary css-yb0lig'][contains(.,'Cadastros')]'.</msg>
<arg>${SELECT_BUTTON_SELECTOR}</arg>
<doc>Click the element identified by ``locator``.</doc>
<status status="PASS" start="2024-04-21T15:56:05.213046" elapsed="0.232636"/>
</kw>
<status status="PASS" start="2024-04-21T15:56:03.979829" elapsed="1.465853"/>
</kw>
<kw name="Step 4 - Acess Users" owner="acessar_academy">
<kw name="Wait Until Page Contains Element" owner="SeleniumLibrary">
<arg>${SELECT_BUTTON_USERS}</arg>
<doc>Waits until the element ``locator`` appears on the current page.</doc>
<status status="PASS" start="2024-04-21T15:56:05.446662" elapsed="0.002006"/>
</kw>
<kw name="Click Element" owner="SeleniumLibrary">
<msg time="2024-04-21T15:56:05.449674" level="INFO">Clicking element '//span[contains(.,'Usuários')]'.</msg>
<arg>${SELECT_BUTTON_USERS}</arg>
<doc>Click the element identified by ``locator``.</doc>
<status status="PASS" start="2024-04-21T15:56:05.449674" elapsed="0.214298"/>
</kw>
<status status="PASS" start="2024-04-21T15:56:05.446662" elapsed="0.218322"/>
</kw>
<kw name="Step 5 - Acess Users" owner="acessar_academy">
<kw name="Wait Until Page Contains Element" owner="SeleniumLibrary">
<arg>${SELECT_BUTTON_NEW}</arg>
<doc>Waits until the element ``locator`` appears on the current page.</doc>
<status status="PASS" start="2024-04-21T15:56:05.664984" elapsed="0.005991"/>
</kw>
<kw name="Click Element" owner="SeleniumLibrary">
<msg time="2024-04-21T15:56:05.671971" level="INFO">Clicking element '//button[contains(.,'Novo Cadastro')]'.</msg>
<arg>${SELECT_BUTTON_NEW}</arg>
<doc>Click the element identified by ``locator``.</doc>
<status status="PASS" start="2024-04-21T15:56:05.670975" elapsed="0.227404"/>
</kw>
<status status="PASS" start="2024-04-21T15:56:05.664984" elapsed="0.233395"/>
</kw>
<kw name="Step 5 - Create New User Full Name" owner="criar_novo_usuario">
<kw name="Generate Random String" owner="String">
<msg time="2024-04-21T15:56:05.899379" level="INFO">${palavra_randomica} = sBRiMrSY</msg>
<var>${palavra_randomica}</var>
<arg>length=8</arg>
<arg>chars=[LETTERS]</arg>
<doc>Generates a string with a desired ``length`` from the given ``chars``.</doc>
<status status="PASS" start="2024-04-21T15:56:05.899379" elapsed="0.000000"/>
</kw>
<kw name="Convert To Lower Case" owner="String">
<msg time="2024-04-21T15:56:05.900379" level="INFO">${palavra_randomica} = sbrimrsy</msg>
<var>${palavra_randomica}</var>
<arg>${palavra_randomica}</arg>
<doc>Converts string to lower case.</doc>
<status status="PASS" start="2024-04-21T15:56:05.899379" elapsed="0.001000"/>
</kw>
<kw name="Set Test Variable" owner="BuiltIn">
<msg time="2024-04-21T15:56:05.901380" level="INFO">${FULL_NAME} = Msbrimrsy dos Santos</msg>
<arg>${FULL_NAME}</arg>
<arg>M${palavra_randomica} dos Santos</arg>
<doc>Makes a variable available everywhere within the scope of the current test.</doc>
<status status="PASS" start="2024-04-21T15:56:05.900379" elapsed="0.001001"/>
</kw>
<kw name="Log" owner="BuiltIn">
<msg time="2024-04-21T15:56:05.901380" level="INFO">Msbrimrsy dos Santos</msg>
<arg>${FULL_NAME}</arg>
<doc>Logs the given message with the given level.</doc>
<status status="PASS" start="2024-04-21T15:56:05.901380" elapsed="0.000000"/>
</kw>
<kw name="Input Text" owner="SeleniumLibrary">
<msg time="2024-04-21T15:56:05.901380" level="INFO">Typing text 'Msbrimrsy dos Santos' into text field '//input[contains(@name,'fullName')]'.</msg>
<arg>${FULL_NAME_TEXT}</arg>
<arg>${FULL_NAME}</arg>
<doc>Types the given ``text`` into the text field identified by ``locator``.</doc>
<status status="PASS" start="2024-04-21T15:56:05.901380" elapsed="0.055615"/>
</kw>
<status status="PASS" start="2024-04-21T15:56:05.899379" elapsed="0.057616"/>
</kw>
<kw name="Step 6 - Create New User MAIL" owner="criar_novo_usuario">
<kw name="Generate Random String" owner="String">
<msg time="2024-04-21T15:56:05.958992" level="INFO">${palavra_randomica} = xVIpUuhr</msg>
<var>${palavra_randomica}</var>
<arg>length=8</arg>
<arg>chars=[LETTERS]</arg>
<doc>Generates a string with a desired ``length`` from the given ``chars``.</doc>
<status status="PASS" start="2024-04-21T15:56:05.958992" elapsed="0.000000"/>
</kw>
<kw name="Convert To Lower Case" owner="String">
<msg time="2024-04-21T15:56:05.959992" level="INFO">${palavra_randomica} = xvipuuhr</msg>
<var>${palavra_randomica}</var>
<arg>${palavra_randomica}</arg>
<doc>Converts string to lower case.</doc>
<status status="PASS" start="2024-04-21T15:56:05.958992" elapsed="0.001000"/>
</kw>
<kw name="Set Test Variable" owner="BuiltIn">
<msg time="2024-04-21T15:56:05.960993" level="INFO">${MAIL} = xvipuuhr@qacoders.com.br</msg>
<arg>${MAIL}</arg>
<arg>${palavra_randomica}@qacoders.com.br</arg>
<doc>Makes a variable available everywhere within the scope of the current test.</doc>
<status status="PASS" start="2024-04-21T15:56:05.959992" elapsed="0.001001"/>
</kw>
<kw name="Log" owner="BuiltIn">
<msg time="2024-04-21T15:56:05.960993" level="INFO">xvipuuhr@qacoders.com.br</msg>
<arg>${MAIL}</arg>
<doc>Logs the given message with the given level.</doc>
<status status="PASS" start="2024-04-21T15:56:05.960993" elapsed="0.000000"/>
</kw>
<kw name="Input Text" owner="SeleniumLibrary">
<msg time="2024-04-21T15:56:05.962480" level="INFO">Typing text 'xvipuuhr@qacoders.com.br' into text field '//input[contains(@name,'mail')]'.</msg>
<arg>${MAIL_TEXT}</arg>
<arg>${MAIL}</arg>
<doc>Types the given ``text`` into the text field identified by ``locator``.</doc>
<status status="PASS" start="2024-04-21T15:56:05.960993" elapsed="0.043846"/>
</kw>
<status status="PASS" start="2024-04-21T15:56:05.957995" elapsed="0.047865"/>
</kw>
<kw name="Step 7 - Register a CPF must contain - 11 numbers" owner="criar_cpf_usuario">
<kw name="Input Text" owner="SeleniumLibrary">
<msg time="2024-04-21T15:56:06.006842" level="INFO">Typing text '3705725483' into text field '//input[contains(@name,'cpf')]'.</msg>
<arg>${CPF_TEXT}</arg>
<arg>3705725483</arg>
<doc>Types the given ``text`` into the text field identified by ``locator``.</doc>
<status status="PASS" start="2024-04-21T15:56:06.006842" elapsed="0.044372"/>
</kw>
<status status="PASS" start="2024-04-21T15:56:06.006842" elapsed="0.044372"/>
</kw>
<kw name="Step 8 - Create New Password" owner="criar_novo_usuario">
<kw name="Generate Random String" owner="String">
<msg time="2024-04-21T15:56:06.052229" level="INFO">${palavra_randomica} = eb</msg>
<var>${palavra_randomica}</var>
<arg>length=2</arg>
<arg>chars=[LETTERS]</arg>
<doc>Generates a string with a desired ``length`` from the given ``chars``.</doc>
<status status="PASS" start="2024-04-21T15:56:06.052229" elapsed="0.000000"/>
</kw>
<kw name="Convert To Lower Case" owner="String">
<msg time="2024-04-21T15:56:06.052229" level="INFO">${palavra_randomica} = eb</msg>
<var>${palavra_randomica}</var>
<arg>${palavra_randomica}</arg>
<doc>Converts string to lower case.</doc>
<status status="PASS" start="2024-04-21T15:56:06.052229" elapsed="0.000000"/>
</kw>
<kw name="Set Test Variable" owner="BuiltIn">
<msg time="2024-04-21T15:56:06.052229" level="INFO">${PASSWORD} = ebM@1234</msg>
<arg>${PASSWORD}</arg>
<arg>${palavra_randomica}M@1234</arg>
<doc>Makes a variable available everywhere within the scope of the current test.</doc>
<status status="PASS" start="2024-04-21T15:56:06.052229" elapsed="0.000000"/>
</kw>
<kw name="Log" owner="BuiltIn">
<msg time="2024-04-21T15:56:06.053215" level="INFO">ebM@1234</msg>
<arg>${PASSWORD}</arg>
<doc>Logs the given message with the given level.</doc>
<status status="PASS" start="2024-04-21T15:56:06.052229" elapsed="0.000986"/>
</kw>
<kw name="Input Password" owner="SeleniumLibrary">
<msg time="2024-04-21T15:56:06.053215" level="INFO">Typing password into text field '//input[contains(@name,'password')]'.</msg>
<msg time="2024-04-21T15:56:06.060218" level="INFO">Temporally setting log level to: NONE</msg>
<arg>${PASSWORD_TEXT}</arg>
<arg>${PASSWORD}</arg>
<doc>Types the given password into the text field identified by ``locator``.</doc>
<status status="PASS" start="2024-04-21T15:56:06.053215" elapsed="0.022999"/>
</kw>
<kw name="Input Password" owner="SeleniumLibrary">
<msg time="2024-04-21T15:56:06.077216" level="INFO">Typing password into text field '//input[contains(@name,'confirmPassword')]'.</msg>
<msg time="2024-04-21T15:56:06.086215" level="INFO">Temporally setting log level to: NONE</msg>
<arg>${CONFIRM_PASS_TEXT}</arg>
<arg>${PASSWORD}</arg>
<doc>Types the given password into the text field identified by ``locator``.</doc>
<status status="PASS" start="2024-04-21T15:56:06.077216" elapsed="0.030001"/>
</kw>
<status status="PASS" start="2024-04-21T15:56:06.051214" elapsed="0.056003"/>
</kw>
<kw name="Step 9 - Create Acess Profile" owner="criar_novo_usuario">
<kw name="Input Text" owner="SeleniumLibrary">
<msg time="2024-04-21T15:56:06.109362" level="INFO">Typing text 'ADMIN' into text field '//input[contains(@name,'accessProfile')]'.</msg>
<arg>${ACESS_PROFILE_TEXT}</arg>
<arg>${ADM}</arg>
<doc>Types the given ``text`` into the text field identified by ``locator``.</doc>
<status status="PASS" start="2024-04-21T15:56:06.109362" elapsed="0.019980"/>
</kw>
<kw name="Click Element" owner="SeleniumLibrary">
<msg time="2024-04-21T15:56:06.130361" level="INFO">Clicking element '//button[@type='submit'][contains(.,'SALVAR NOVO')]'.</msg>
<arg>//button[@type='submit'][contains(.,'SALVAR NOVO')]</arg>
<doc>Click the element identified by ``locator``.</doc>
<status status="PASS" start="2024-04-21T15:56:06.130361" elapsed="0.238549"/>
</kw>
<status status="PASS" start="2024-04-21T15:56:06.108328" elapsed="0.260582"/>
</kw>
<kw name="Step 10 - verify User cpf must contain - 11 numbers" owner="criar_cpf_usuario">
<kw name="Wait Until Page Contains" owner="SeleniumLibrary">
<arg>Deve preencher o CPF com 11 dígitos</arg>
<doc>Waits until ``text`` appears on the current page.</doc>
<status status="PASS" start="2024-04-21T15:56:06.371916" elapsed="0.418146"/>
</kw>
<kw name="Wait Until Page Contains Element" owner="SeleniumLibrary">
<arg>//div[@class='MuiPaper-root MuiPaper-elevation MuiPaper-rounded MuiPaper-elevation0 MuiAlert-root MuiAlert-standardError MuiAlert-standard css-laiely'][contains(.,'Deve preencher o CPF com 11 dígitos')]</arg>
<doc>Waits until the element ``locator`` appears on the current page.</doc>
<status status="PASS" start="2024-04-21T15:56:06.790062" elapsed="0.005407"/>
</kw>
<status status="PASS" start="2024-04-21T15:56:06.370909" elapsed="0.424560"/>
</kw>
<status status="PASS" start="2024-04-21T15:55:56.663728" elapsed="10.131741"/>
</test>
<test id="s1-s4-t4" name=" CT03-Create and Registrer new User" line="50">
<kw name="Step 1 - Acess page Login Academy" owner="acessar_academy">
<kw name="Open Browser" owner="SeleniumLibrary">
<msg time="2024-04-21T15:56:06.799470" level="INFO">Opening browser 'Firefox' to base url 'https://automacao.qacoders-academy.com.br/login'.</msg>
<arg>url=${URL}</arg>
<arg>browser=${BROWSER}</arg>
<doc>Opens a new browser instance to the optional ``url``.</doc>
<status status="PASS" start="2024-04-21T15:56:06.798475" elapsed="7.084567"/>
</kw>
<status status="PASS" start="2024-04-21T15:56:06.798475" elapsed="7.084567"/>
</kw>
<kw name=" Step 2 - Print login and password and submit" owner="acessar_academy">
<kw name="Input Text" owner="SeleniumLibrary">
<msg time="2024-04-21T15:56:13.884042" level="INFO">Typing text 'sysadmin@qacoders.com' into text field 'id=email'.</msg>
<arg>id=email</arg>
<arg>${EMAIL}</arg>
<doc>Types the given ``text`` into the text field identified by ``locator``.</doc>
<status status="PASS" start="2024-04-21T15:56:13.884042" elapsed="0.076119"/>
</kw>
<kw name="Input Text" owner="SeleniumLibrary">
<msg time="2024-04-21T15:56:13.961158" level="INFO">Typing text '1234@Test' into text field 'id=password'.</msg>
<arg>id=password</arg>
<arg>${PASSWORD}</arg>
<doc>Types the given ``text`` into the text field identified by ``locator``.</doc>
<status status="PASS" start="2024-04-21T15:56:13.961158" elapsed="0.024941"/>
</kw>
<kw name="Click Button" owner="SeleniumLibrary">
<msg time="2024-04-21T15:56:13.987093" level="INFO">Clicking button 'id=login'.</msg>
<arg>id=login</arg>
<doc>Clicks the button identified by ``locator``.</doc>
<status status="PASS" start="2024-04-21T15:56:13.986099" elapsed="0.246956"/>
</kw>
<status status="PASS" start="2024-04-21T15:56:13.884042" elapsed="0.349013"/>
</kw>
<kw name="Step 3 - Verify URL after login" owner="acessar_academy">
<kw name="Wait Until Page Contains Element" owner="SeleniumLibrary">
<msg time="2024-04-21T15:56:19.381801" level="INFO" html="true">&lt;/td&gt;&lt;/tr&gt;&lt;tr&gt;&lt;td colspan="3"&gt;&lt;a href="selenium-screenshot-1.png"&gt;&lt;img src="selenium-screenshot-1.png" width="800px"&gt;&lt;/a&gt;</msg>
<msg time="2024-04-21T15:56:19.382865" level="FAIL">Element '//span[@class='MuiTypography-root MuiTypography-body1 MuiListItemText-primary css-yb0lig'][contains(.,'Cadastros')]' did not appear in 5 seconds.</msg>
<arg>${SELECT_BUTTON_SELECTOR}</arg>
<doc>Waits until the element ``locator`` appears on the current page.</doc>
<status status="FAIL" start="2024-04-21T15:56:14.233055" elapsed="5.154849">Element '//span[@class='MuiTypography-root MuiTypography-body1 MuiListItemText-primary css-yb0lig'][contains(.,'Cadastros')]' did not appear in 5 seconds.</status>
</kw>
<kw name="Click Element" owner="SeleniumLibrary">
<arg>${SELECT_BUTTON_SELECTOR}</arg>
<doc>Click the element identified by ``locator``.</doc>
<status status="NOT RUN" start="2024-04-21T15:56:19.387904" elapsed="0.000000"/>
</kw>
<status status="FAIL" start="2024-04-21T15:56:14.233055" elapsed="5.155848">Element '//span[@class='MuiTypography-root MuiTypography-body1 MuiListItemText-primary css-yb0lig'][contains(.,'Cadastros')]' did not appear in 5 seconds.</status>
</kw>
<kw name="Step 4 - Acess Users" owner="acessar_academy">
<status status="NOT RUN" start="2024-04-21T15:56:19.388903" elapsed="0.000995"/>
</kw>
<kw name="Step 5 - Acess Users" owner="acessar_academy">
<status status="NOT RUN" start="2024-04-21T15:56:19.389898" elapsed="0.000000"/>
</kw>
<kw name="Step 5 - Create New User Full Name" owner="criar_novo_usuario">
<status status="NOT RUN" start="2024-04-21T15:56:19.389898" elapsed="0.000000"/>
</kw>
<kw name="Step 6 - Create New User MAIL" owner="criar_novo_usuario">
<status status="NOT RUN" start="2024-04-21T15:56:19.390898" elapsed="0.000000"/>
</kw>
<kw name="Step 7 - Register a CPF Already Registered" owner="criar_cpf_usuario">
<status status="NOT RUN" start="2024-04-21T15:56:19.390898" elapsed="0.000000"/>
</kw>
<kw name="Step 8 - Create New Password" owner="criar_novo_usuario">
<status status="NOT RUN" start="2024-04-21T15:56:19.390898" elapsed="0.000000"/>
</kw>
<kw name="Step 9 - Create Acess Profile" owner="criar_novo_usuario">
<status status="NOT RUN" start="2024-04-21T15:56:19.390898" elapsed="0.001000"/>
</kw>
<kw name="Step 10 - verify User cpf Already Registered" owner="criar_cpf_usuario">
<status status="NOT RUN" start="2024-04-21T15:56:19.391898" elapsed="0.000000"/>
</kw>
<status status="FAIL" start="2024-04-21T15:56:06.797473" elapsed="12.594425">Element '//span[@class='MuiTypography-root MuiTypography-body1 MuiListItemText-primary css-yb0lig'][contains(.,'Cadastros')]' did not appear in 5 seconds.</status>
</test>
<status status="FAIL" start="2024-04-21T15:55:35.422854" elapsed="43.970045"/>
</suite>
<suite id="s1-s5" name="POST CRIAR DIRETORIA" source="C:\Users\etmom\Desktop\ACADEMY_FRONT_END_CHIPS\tests\POST_CRIAR_DIRETORIA.ROBOT">
<test id="s1-s5-t1" name="CT01- ACESSAR Academy CRIAR DIRETORIA" line="6">
<kw name="Step 1 - Acess page Login Academy" owner="acessar_academy">
<kw name="Open Browser" owner="SeleniumLibrary">
<msg time="2024-04-21T15:56:19.403409" level="INFO">Opening browser 'Firefox' to base url 'https://automacao.qacoders-academy.com.br/login'.</msg>
<arg>url=${URL}</arg>
<arg>browser=${BROWSER}</arg>
<doc>Opens a new browser instance to the optional ``url``.</doc>
<status status="PASS" start="2024-04-21T15:56:19.403409" elapsed="6.818785"/>
</kw>
<status status="PASS" start="2024-04-21T15:56:19.403409" elapsed="6.818785"/>
</kw>
<kw name=" Step 2 - Print login and password and submit" owner="acessar_academy">
<kw name="Input Text" owner="SeleniumLibrary">
<msg time="2024-04-21T15:56:26.223187" level="INFO">Typing text 'sysadmin@qacoders.com' into text field 'id=email'.</msg>
<arg>id=email</arg>
<arg>${EMAIL}</arg>
<doc>Types the given ``text`` into the text field identified by ``locator``.</doc>
<status status="PASS" start="2024-04-21T15:56:26.223187" elapsed="0.073520"/>
</kw>
<kw name="Input Text" owner="SeleniumLibrary">
<msg time="2024-04-21T15:56:26.296707" level="INFO">Typing text '1234@Test' into text field 'id=password'.</msg>
<arg>id=password</arg>
<arg>${PASSWORD}</arg>
<doc>Types the given ``text`` into the text field identified by ``locator``.</doc>
<status status="PASS" start="2024-04-21T15:56:26.296707" elapsed="0.022587"/>
</kw>
<kw name="Click Button" owner="SeleniumLibrary">
<msg time="2024-04-21T15:56:26.319294" level="INFO">Clicking button 'id=login'.</msg>
<arg>id=login</arg>
<doc>Clicks the button identified by ``locator``.</doc>
<status status="PASS" start="2024-04-21T15:56:26.319294" elapsed="0.229602"/>
</kw>
<status status="PASS" start="2024-04-21T15:56:26.223187" elapsed="0.325709"/>
</kw>
<kw name="Step 3 - Verify URL after login" owner="acessar_academy">
<kw name="Wait Until Page Contains Element" owner="SeleniumLibrary">
<arg>${SELECT_BUTTON_SELECTOR}</arg>
<doc>Waits until the element ``locator`` appears on the current page.</doc>
<status status="PASS" start="2024-04-21T15:56:26.549897" elapsed="1.223801"/>
</kw>
<kw name="Click Element" owner="SeleniumLibrary">
<msg time="2024-04-21T15:56:27.773698" level="INFO">Clicking element '//span[@class='MuiTypography-root MuiTypography-body1 MuiListItemText-primary css-yb0lig'][contains(.,'Cadastros')]'.</msg>
<arg>${SELECT_BUTTON_SELECTOR}</arg>
<doc>Click the element identified by ``locator``.</doc>
<status status="PASS" start="2024-04-21T15:56:27.773698" elapsed="0.225173"/>
</kw>
<status status="PASS" start="2024-04-21T15:56:26.548896" elapsed="1.449975"/>
</kw>
<kw name="Step 4 - Acess session DIRETORIA" owner="CRIAR_DIRETORIA">
<kw name="Wait Until Element Is Visible" owner="SeleniumLibrary">
<arg>locator=${SELECTION_DIRETORIAS}</arg>
<doc>Waits until the element ``locator`` is visible.</doc>
<status status="PASS" start="2024-04-21T15:56:27.998871" elapsed="0.158549"/>
</kw>
<kw name="Click Element" owner="SeleniumLibrary">
<msg time="2024-04-21T15:56:28.157420" level="INFO">Clicking element '//span[@class='MuiTypography-root MuiTypography-body1 MuiListItemText-primary css-yb0lig'][contains(.,'Diretorias')]'.</msg>
<arg>locator=${SELECTION_DIRETORIAS}</arg>
<doc>Click the element identified by ``locator``.</doc>
<status status="PASS" start="2024-04-21T15:56:28.157420" elapsed="0.216349"/>
</kw>
<status status="PASS" start="2024-04-21T15:56:27.998871" elapsed="0.374898"/>
</kw>
<kw name="Step 5 - Create New DIRETORIA" owner="CRIAR_DIRETORIA">
<kw name="Generate Random String" owner="String">
<msg time="2024-04-21T15:56:28.374762" level="INFO">${palavra_randomica} = sEqkvEUgoJLE</msg>
<var>${palavra_randomica}</var>
<arg>length=12</arg>
<arg>chars=[LETTERS]</arg>
<doc>Generates a string with a desired ``length`` from the given ``chars``.</doc>
<status status="PASS" start="2024-04-21T15:56:28.374762" elapsed="0.000000"/>
</kw>
<kw name="Convert To Lower Case" owner="String">
<msg time="2024-04-21T15:56:28.374762" level="INFO">${palavra_randomica} = seqkveugojle</msg>
<var>${palavra_randomica}</var>
<arg>${palavra_randomica}</arg>
<doc>Converts string to lower case.</doc>
<status status="PASS" start="2024-04-21T15:56:28.374762" elapsed="0.000000"/>
</kw>
<kw name="Set Test Variable" owner="BuiltIn">
<msg time="2024-04-21T15:56:28.375761" level="INFO">${NAME_DIRETORIA} = seqkveugojleInterações</msg>
<arg>${NAME_DIRETORIA}</arg>
<arg>${palavra_randomica}Interações</arg>
<doc>Makes a variable available everywhere within the scope of the current test.</doc>
<status status="PASS" start="2024-04-21T15:56:28.374762" elapsed="0.000999"/>
</kw>
<kw name="Log" owner="BuiltIn">
<msg time="2024-04-21T15:56:28.376760" level="INFO">seqkveugojleInterações</msg>
<arg>${NAME_DIRETORIA}</arg>
<doc>Logs the given message with the given level.</doc>
<status status="PASS" start="2024-04-21T15:56:28.376760" elapsed="0.000000"/>
</kw>
<kw name="Wait Until Element Is Visible" owner="SeleniumLibrary">
<arg>locator=${SELECTION_CADASTRO_DIRETORIA}</arg>
<doc>Waits until the element ``locator`` is visible.</doc>
<status status="PASS" start="2024-04-21T15:56:28.376760" elapsed="0.012180"/>
</kw>
<kw name="Click Element" owner="SeleniumLibrary">
<msg time="2024-04-21T15:56:28.388940" level="INFO">Clicking element '//button[@class='css-fvzsut'][contains(.,'Novo Cadastro')]'.</msg>
<arg>locator=${SELECTION_CADASTRO_DIRETORIA}</arg>
<doc>Click the element identified by ``locator``.</doc>
<status status="PASS" start="2024-04-21T15:56:28.388940" elapsed="0.249633"/>
</kw>
<kw name="Wait Until Element Is Visible" owner="SeleniumLibrary">
<arg>locator=${DIRETORIA_NAME_TXT}</arg>
<doc>Waits until the element ``locator`` is visible.</doc>
<status status="PASS" start="2024-04-21T15:56:28.638573" elapsed="0.020544"/>
</kw>
<kw name="Input Text" owner="SeleniumLibrary">
<msg time="2024-04-21T15:56:28.660123" level="INFO">Typing text 'seqkveugojleInterações' into text field '//input[contains(@class,'MuiInputBase-input MuiInput-input css-mnn31')]'.</msg>
<arg>locator=${DIRETORIA_NAME_TXT}</arg>
<arg>text=${NAME_DIRETORIA}</arg>
<doc>Types the given ``text`` into the text field identified by ``locator``.</doc>
<status status="PASS" start="2024-04-21T15:56:28.660123" elapsed="0.069999"/>
</kw>
<kw name="Click Element" owner="SeleniumLibrary">
<msg time="2024-04-21T15:56:28.731123" level="INFO">Clicking element '//button[@type='submit'][contains(.,'SALVAR NOVO')]'.</msg>
<arg>//button[@type='submit'][contains(.,'SALVAR NOVO')]</arg>
<doc>Click the element identified by ``locator``.</doc>
<status status="PASS" start="2024-04-21T15:56:28.730122" elapsed="0.254471"/>
</kw>
<status status="PASS" start="2024-04-21T15:56:28.373769" elapsed="0.610824"/>
</kw>
<status status="PASS" start="2024-04-21T15:56:19.402402" elapsed="9.583677"/>
</test>
<status status="PASS" start="2024-04-21T15:56:19.393897" elapsed="9.593201"/>
</suite>
<suite id="s1-s6" name="Post Criar Senha Usuario" source="C:\Users\etmom\Desktop\ACADEMY_FRONT_END_CHIPS\tests\post_criar_senha_usuario.robot">
<test id="s1-s6-t1" name="CT01-Create and Registrer new User" line="9">
<kw name="Step 1 - Acess page Login Academy" owner="acessar_academy">
<kw name="Open Browser" owner="SeleniumLibrary">
<msg time="2024-04-21T15:56:29.024300" level="INFO">Opening browser 'Firefox' to base url 'https://automacao.qacoders-academy.com.br/login'.</msg>
<arg>url=${URL}</arg>
<arg>browser=${BROWSER}</arg>
<doc>Opens a new browser instance to the optional ``url``.</doc>
<status status="PASS" start="2024-04-21T15:56:29.023296" elapsed="7.024160"/>
</kw>
<status status="PASS" start="2024-04-21T15:56:29.022302" elapsed="7.025154"/>
</kw>
<kw name=" Step 2 - Print login and password and submit" owner="acessar_academy">
<kw name="Input Text" owner="SeleniumLibrary">
<msg time="2024-04-21T15:56:36.048456" level="INFO">Typing text 'sysadmin@qacoders.com' into text field 'id=email'.</msg>
<arg>id=email</arg>
<arg>${EMAIL}</arg>
<doc>Types the given ``text`` into the text field identified by ``locator``.</doc>
<status status="PASS" start="2024-04-21T15:56:36.048456" elapsed="0.084094"/>
</kw>
<kw name="Input Text" owner="SeleniumLibrary">
<msg time="2024-04-21T15:56:36.133551" level="INFO">Typing text '1234@Test' into text field 'id=password'.</msg>
<arg>id=password</arg>
<arg>${PASSWORD}</arg>
<doc>Types the given ``text`` into the text field identified by ``locator``.</doc>
<status status="PASS" start="2024-04-21T15:56:36.133551" elapsed="0.024009"/>
</kw>
<kw name="Click Button" owner="SeleniumLibrary">
<msg time="2024-04-21T15:56:36.157560" level="INFO">Clicking button 'id=login'.</msg>
<arg>id=login</arg>
<doc>Clicks the button identified by ``locator``.</doc>
<status status="PASS" start="2024-04-21T15:56:36.157560" elapsed="0.228655"/>
</kw>
<status status="PASS" start="2024-04-21T15:56:36.048456" elapsed="0.337759"/>
</kw>
<kw name="Step 3 - Verify URL after login" owner="acessar_academy">
<kw name="Wait Until Page Contains Element" owner="SeleniumLibrary">
<arg>${SELECT_BUTTON_SELECTOR}</arg>
<doc>Waits until the element ``locator`` appears on the current page.</doc>
<status status="PASS" start="2024-04-21T15:56:36.386215" elapsed="1.228315"/>
</kw>
<kw name="Click Element" owner="SeleniumLibrary">
<msg time="2024-04-21T15:56:37.615529" level="INFO">Clicking element '//span[@class='MuiTypography-root MuiTypography-body1 MuiListItemText-primary css-yb0lig'][contains(.,'Cadastros')]'.</msg>
<arg>${SELECT_BUTTON_SELECTOR}</arg>
<doc>Click the element identified by ``locator``.</doc>
<status status="PASS" start="2024-04-21T15:56:37.615529" elapsed="0.224113"/>
</kw>
<status status="PASS" start="2024-04-21T15:56:36.386215" elapsed="1.453427"/>
</kw>
<kw name="Step 4 - Acess Users" owner="acessar_academy">
<kw name="Wait Until Page Contains Element" owner="SeleniumLibrary">
<arg>${SELECT_BUTTON_USERS}</arg>
<doc>Waits until the element ``locator`` appears on the current page.</doc>
<status status="PASS" start="2024-04-21T15:56:37.840642" elapsed="0.002010"/>
</kw>
<kw name="Click Element" owner="SeleniumLibrary">
<msg time="2024-04-21T15:56:37.843651" level="INFO">Clicking element '//span[contains(.,'Usuários')]'.</msg>
<arg>${SELECT_BUTTON_USERS}</arg>
<doc>Click the element identified by ``locator``.</doc>
<status status="PASS" start="2024-04-21T15:56:37.843651" elapsed="0.215020"/>
</kw>
<status status="PASS" start="2024-04-21T15:56:37.839642" elapsed="0.219029"/>
</kw>
<kw name="Step 5 - Acess Users" owner="acessar_academy">
<kw name="Wait Until Page Contains Element" owner="SeleniumLibrary">
<arg>${SELECT_BUTTON_NEW}</arg>
<doc>Waits until the element ``locator`` appears on the current page.</doc>
<status status="PASS" start="2024-04-21T15:56:38.058671" elapsed="0.205816"/>
</kw>
<kw name="Click Element" owner="SeleniumLibrary">
<msg time="2024-04-21T15:56:38.264487" level="INFO">Clicking element '//button[contains(.,'Novo Cadastro')]'.</msg>
<arg>${SELECT_BUTTON_NEW}</arg>
<doc>Click the element identified by ``locator``.</doc>
<status status="PASS" start="2024-04-21T15:56:38.264487" elapsed="0.232370"/>
</kw>
<status status="PASS" start="2024-04-21T15:56:38.058671" elapsed="0.438186"/>
</kw>
<kw name="Step 5 - Create New User Full Name" owner="criar_novo_usuario">
<kw name="Generate Random String" owner="String">
<msg time="2024-04-21T15:56:38.497849" level="INFO">${palavra_randomica} = AcEcXPgG</msg>
<var>${palavra_randomica}</var>
<arg>length=8</arg>
<arg>chars=[LETTERS]</arg>
<doc>Generates a string with a desired ``length`` from the given ``chars``.</doc>
<status status="PASS" start="2024-04-21T15:56:38.497849" elapsed="0.000000"/>
</kw>
<kw name="Convert To Lower Case" owner="String">
<msg time="2024-04-21T15:56:38.497849" level="INFO">${palavra_randomica} = acecxpgg</msg>
<var>${palavra_randomica}</var>
<arg>${palavra_randomica}</arg>
<doc>Converts string to lower case.</doc>
<status status="PASS" start="2024-04-21T15:56:38.497849" elapsed="0.000000"/>
</kw>
<kw name="Set Test Variable" owner="BuiltIn">
<msg time="2024-04-21T15:56:38.498848" level="INFO">${FULL_NAME} = Macecxpgg dos Santos</msg>
<arg>${FULL_NAME}</arg>
<arg>M${palavra_randomica} dos Santos</arg>
<doc>Makes a variable available everywhere within the scope of the current test.</doc>
<status status="PASS" start="2024-04-21T15:56:38.497849" elapsed="0.000999"/>
</kw>
<kw name="Log" owner="BuiltIn">
<msg time="2024-04-21T15:56:38.498848" level="INFO">Macecxpgg dos Santos</msg>
<arg>${FULL_NAME}</arg>
<doc>Logs the given message with the given level.</doc>
<status status="PASS" start="2024-04-21T15:56:38.498848" elapsed="0.000000"/>
</kw>
<kw name="Input Text" owner="SeleniumLibrary">
<msg time="2024-04-21T15:56:38.498848" level="INFO">Typing text 'Macecxpgg dos Santos' into text field '//input[contains(@name,'fullName')]'.</msg>
<arg>${FULL_NAME_TEXT}</arg>
<arg>${FULL_NAME}</arg>
<doc>Types the given ``text`` into the text field identified by ``locator``.</doc>
<status status="PASS" start="2024-04-21T15:56:38.498848" elapsed="0.025845"/>
</kw>
<status status="PASS" start="2024-04-21T15:56:38.496857" elapsed="0.027836"/>
</kw>
<kw name="Step 6 - Create New User MAIL" owner="criar_novo_usuario">
<kw name="Generate Random String" owner="String">
<msg time="2024-04-21T15:56:38.525668" level="INFO">${palavra_randomica} = ZlyDvwaF</msg>
<var>${palavra_randomica}</var>
<arg>length=8</arg>
<arg>chars=[LETTERS]</arg>
<doc>Generates a string with a desired ``length`` from the given ``chars``.</doc>
<status status="PASS" start="2024-04-21T15:56:38.525668" elapsed="0.000000"/>
</kw>
<kw name="Convert To Lower Case" owner="String">
<msg time="2024-04-21T15:56:38.526649" level="INFO">${palavra_randomica} = zlydvwaf</msg>
<var>${palavra_randomica}</var>
<arg>${palavra_randomica}</arg>
<doc>Converts string to lower case.</doc>
<status status="PASS" start="2024-04-21T15:56:38.526649" elapsed="0.000000"/>
</kw>
<kw name="Set Test Variable" owner="BuiltIn">
<msg time="2024-04-21T15:56:38.610039" level="INFO">${MAIL} = zlydvwaf@qacoders.com.br</msg>
<arg>${MAIL}</arg>
<arg>${palavra_randomica}@qacoders.com.br</arg>
<doc>Makes a variable available everywhere within the scope of the current test.</doc>
<status status="PASS" start="2024-04-21T15:56:38.526649" elapsed="0.083390"/>
</kw>
<kw name="Log" owner="BuiltIn">
<msg time="2024-04-21T15:56:38.610039" level="INFO">zlydvwaf@qacoders.com.br</msg>
<arg>${MAIL}</arg>
<doc>Logs the given message with the given level.</doc>
<status status="PASS" start="2024-04-21T15:56:38.610039" elapsed="0.000000"/>
</kw>
<kw name="Input Text" owner="SeleniumLibrary">
<msg time="2024-04-21T15:56:38.611040" level="INFO">Typing text 'zlydvwaf@qacoders.com.br' into text field '//input[contains(@name,'mail')]'.</msg>
<arg>${MAIL_TEXT}</arg>
<arg>${MAIL}</arg>
<doc>Types the given ``text`` into the text field identified by ``locator``.</doc>
<status status="PASS" start="2024-04-21T15:56:38.610039" elapsed="0.053524"/>
</kw>
<status status="PASS" start="2024-04-21T15:56:38.525668" elapsed="0.139432"/>
</kw>
<kw name="Step 7 - Register a CPF" owner="criar_novo_usuario">
<kw name="Generate Random String" owner="String">
<msg time="2024-04-21T15:56:38.665469" level="INFO">${numero_randomico} = 12145437112</msg>
<var>${numero_randomico}</var>
<arg>length=11</arg>
<arg>chars=[NUMBERS]</arg>
<doc>Generates a string with a desired ``length`` from the given ``chars``.</doc>
<status status="PASS" start="2024-04-21T15:56:38.665469" elapsed="0.000000"/>
</kw>
<kw name="Set Test Variable" owner="BuiltIn">
<msg time="2024-04-21T15:56:38.667495" level="INFO">${CPF} = 12145437112</msg>
<arg>${CPF}</arg>
<arg>${numero_randomico}</arg>
<doc>Makes a variable available everywhere within the scope of the current test.</doc>
<status status="PASS" start="2024-04-21T15:56:38.666498" elapsed="0.000997"/>
</kw>
<kw name="Log" owner="BuiltIn">
<msg time="2024-04-21T15:56:38.667495" level="INFO">12145437112</msg>
<arg>${CPF}</arg>
<doc>Logs the given message with the given level.</doc>
<status status="PASS" start="2024-04-21T15:56:38.667495" elapsed="0.000000"/>
</kw>
<kw name="Input Text" owner="SeleniumLibrary">
<msg time="2024-04-21T15:56:38.668487" level="INFO">Typing text '12145437112' into text field '//input[contains(@name,'cpf')]'.</msg>
<arg>${CPF_TEXT}</arg>
<arg>${CPF}</arg>
<doc>Types the given ``text`` into the text field identified by ``locator``.</doc>
<status status="PASS" start="2024-04-21T15:56:38.668487" elapsed="0.026385"/>
</kw>
<status status="PASS" start="2024-04-21T15:56:38.665469" elapsed="0.029403"/>
</kw>
<kw name="Step 8 - Create New Password" owner="criar_novo_usuario">
<kw name="Generate Random String" owner="String">
<msg time="2024-04-21T15:56:38.696874" level="INFO">${palavra_randomica} = Jr</msg>
<var>${palavra_randomica}</var>
<arg>length=2</arg>
<arg>chars=[LETTERS]</arg>
<doc>Generates a string with a desired ``length`` from the given ``chars``.</doc>
<status status="PASS" start="2024-04-21T15:56:38.696874" elapsed="0.000000"/>
</kw>
<kw name="Convert To Lower Case" owner="String">
<msg time="2024-04-21T15:56:38.696874" level="INFO">${palavra_randomica} = jr</msg>
<var>${palavra_randomica}</var>
<arg>${palavra_randomica}</arg>
<doc>Converts string to lower case.</doc>
<status status="PASS" start="2024-04-21T15:56:38.696874" elapsed="0.000000"/>
</kw>
<kw name="Set Test Variable" owner="BuiltIn">
<msg time="2024-04-21T15:56:38.697872" level="INFO">${PASSWORD} = jrM@1234</msg>
<arg>${PASSWORD}</arg>
<arg>${palavra_randomica}M@1234</arg>
<doc>Makes a variable available everywhere within the scope of the current test.</doc>
<status status="PASS" start="2024-04-21T15:56:38.696874" elapsed="0.000998"/>
</kw>
<kw name="Log" owner="BuiltIn">
<msg time="2024-04-21T15:56:38.697872" level="INFO">jrM@1234</msg>
<arg>${PASSWORD}</arg>
<doc>Logs the given message with the given level.</doc>
<status status="PASS" start="2024-04-21T15:56:38.697872" elapsed="0.000000"/>
</kw>
<kw name="Input Password" owner="SeleniumLibrary">
<msg time="2024-04-21T15:56:38.697872" level="INFO">Typing password into text field '//input[contains(@name,'password')]'.</msg>
<msg time="2024-04-21T15:56:38.707864" level="INFO">Temporally setting log level to: NONE</msg>
<arg>${PASSWORD_TEXT}</arg>
<arg>${PASSWORD}</arg>
<doc>Types the given password into the text field identified by ``locator``.</doc>
<status status="PASS" start="2024-04-21T15:56:38.697872" elapsed="0.026995"/>
</kw>
<kw name="Input Password" owner="SeleniumLibrary">
<msg time="2024-04-21T15:56:38.725874" level="INFO">Typing password into text field '//input[contains(@name,'confirmPassword')]'.</msg>
<msg time="2024-04-21T15:56:38.735048" level="INFO">Temporally setting log level to: NONE</msg>
<arg>${CONFIRM_PASS_TEXT}</arg>
<arg>${PASSWORD}</arg>
<doc>Types the given password into the text field identified by ``locator``.</doc>
<status status="PASS" start="2024-04-21T15:56:38.725874" elapsed="0.035205"/>
</kw>
<status status="PASS" start="2024-04-21T15:56:38.695869" elapsed="0.065210"/>
</kw>
<kw name="Step 9 - Create Acess Profile" owner="criar_novo_usuario">
<kw name="Input Text" owner="SeleniumLibrary">
<msg time="2024-04-21T15:56:38.763079" level="INFO">Typing text 'ADMIN' into text field '//input[contains(@name,'accessProfile')]'.</msg>
<arg>${ACESS_PROFILE_TEXT}</arg>
<arg>${ADM}</arg>
<doc>Types the given ``text`` into the text field identified by ``locator``.</doc>
<status status="PASS" start="2024-04-21T15:56:38.763079" elapsed="0.027421"/>
</kw>
<kw name="Click Element" owner="SeleniumLibrary">
<msg time="2024-04-21T15:56:38.791500" level="INFO">Clicking element '//button[@type='submit'][contains(.,'SALVAR NOVO')]'.</msg>
<arg>//button[@type='submit'][contains(.,'SALVAR NOVO')]</arg>
<doc>Click the element identified by ``locator``.</doc>
<status status="PASS" start="2024-04-21T15:56:38.791500" elapsed="0.251668"/>
</kw>
<status status="PASS" start="2024-04-21T15:56:38.762088" elapsed="0.282067"/>
</kw>
<status status="PASS" start="2024-04-21T15:56:29.021291" elapsed="10.022864"/>
</test>
<status status="PASS" start="2024-04-21T15:56:28.989097" elapsed="10.057060"/>
</suite>
<suite id="s1-s7" name="Post Criar Usuario" source="C:\Users\etmom\Desktop\ACADEMY_FRONT_END_CHIPS\tests\post_criar_usuario.robot">
<test id="s1-s7-t1" name="CT01-Create and Registrer new User" line="10">
<kw name="Step 1 - Acess page Login Academy" owner="acessar_academy">
<kw name="Open Browser" owner="SeleniumLibrary">
<msg time="2024-04-21T15:56:39.078708" level="INFO">Opening browser 'Firefox' to base url 'https://automacao.qacoders-academy.com.br/login'.</msg>
<arg>url=${URL}</arg>
<arg>browser=${BROWSER}</arg>
<doc>Opens a new browser instance to the optional ``url``.</doc>
<status status="PASS" start="2024-04-21T15:56:39.077707" elapsed="6.897956"/>
</kw>
<status status="PASS" start="2024-04-21T15:56:39.076709" elapsed="6.898954"/>
</kw>
<kw name=" Step 2 - Print login and password and submit" owner="acessar_academy">
<kw name="Input Text" owner="SeleniumLibrary">
<msg time="2024-04-21T15:56:45.977662" level="INFO">Typing text 'sysadmin@qacoders.com' into text field 'id=email'.</msg>
<arg>id=email</arg>
<arg>${EMAIL}</arg>
<doc>Types the given ``text`` into the text field identified by ``locator``.</doc>
<status status="PASS" start="2024-04-21T15:56:45.976754" elapsed="0.100307"/>
</kw>
<kw name="Input Text" owner="SeleniumLibrary">
<msg time="2024-04-21T15:56:46.078066" level="INFO">Typing text '1234@Test' into text field 'id=password'.</msg>
<arg>id=password</arg>
<arg>${PASSWORD}</arg>
<doc>Types the given ``text`` into the text field identified by ``locator``.</doc>
<status status="PASS" start="2024-04-21T15:56:46.077061" elapsed="0.027739"/>
</kw>
<kw name="Click Button" owner="SeleniumLibrary">
<msg time="2024-04-21T15:56:46.105800" level="INFO">Clicking button 'id=login'.</msg>
<arg>id=login</arg>
<doc>Clicks the button identified by ``locator``.</doc>
<status status="PASS" start="2024-04-21T15:56:46.104800" elapsed="0.245469"/>
</kw>
<status status="PASS" start="2024-04-21T15:56:45.976754" elapsed="0.373515"/>
</kw>
<kw name="Step 3 - Verify URL after login" owner="acessar_academy">
<kw name="Wait Until Page Contains Element" owner="SeleniumLibrary">
<arg>${SELECT_BUTTON_SELECTOR}</arg>
<doc>Waits until the element ``locator`` appears on the current page.</doc>
<status status="PASS" start="2024-04-21T15:56:46.351291" elapsed="1.229300"/>
</kw>
<kw name="Click Element" owner="SeleniumLibrary">
<msg time="2024-04-21T15:56:47.581613" level="INFO">Clicking element '//span[@class='MuiTypography-root MuiTypography-body1 MuiListItemText-primary css-yb0lig'][contains(.,'Cadastros')]'.</msg>
<arg>${SELECT_BUTTON_SELECTOR}</arg>
<doc>Click the element identified by ``locator``.</doc>
<status status="PASS" start="2024-04-21T15:56:47.580591" elapsed="0.222085"/>
</kw>
<status status="PASS" start="2024-04-21T15:56:46.351291" elapsed="1.452387"/>
</kw>
<kw name="Step 4 - Acess Users" owner="acessar_academy">
<kw name="Wait Until Page Contains Element" owner="SeleniumLibrary">
<arg>${SELECT_BUTTON_USERS}</arg>
<doc>Waits until the element ``locator`` appears on the current page.</doc>
<status status="PASS" start="2024-04-21T15:56:47.804950" elapsed="0.004778"/>
</kw>
<kw name="Click Element" owner="SeleniumLibrary">
<msg time="2024-04-21T15:56:47.809728" level="INFO">Clicking element '//span[contains(.,'Usuários')]'.</msg>
[...]
<status status="PASS" start="2024-04-21T16:00:10.908977" elapsed="0.000000"/>
</kw>
<kw name="Set Test Variable" owner="BuiltIn">
<msg time="2024-04-21T16:00:10.910973" level="INFO">${CPF} = 42358423456</msg>
<arg>${CPF}</arg>
<arg>${numero_randomico}</arg>
<doc>Makes a variable available everywhere within the scope of the current test.</doc>
<status status="PASS" start="2024-04-21T16:00:10.909974" elapsed="0.000999"/>
</kw>
<kw name="Log" owner="BuiltIn">
<msg time="2024-04-21T16:00:10.911971" level="INFO">42358423456</msg>
<arg>${CPF}</arg>
<doc>Logs the given message with the given level.</doc>
<status status="PASS" start="2024-04-21T16:00:10.911971" elapsed="0.000000"/>
</kw>
<kw name="Input Text" owner="SeleniumLibrary">
<msg time="2024-04-21T16:00:10.912978" level="INFO">Typing text '42358423456' into text field '//input[contains(@name,'cpf')]'.</msg>
<arg>${CPF_TEXT}</arg>
<arg>${CPF}</arg>
<doc>Types the given ``text`` into the text field identified by ``locator``.</doc>
<status status="PASS" start="2024-04-21T16:00:10.911971" elapsed="0.050577"/>
</kw>
<status status="PASS" start="2024-04-21T16:00:10.907972" elapsed="0.054576"/>
</kw>
<kw name="Step 8 - Create New Password" owner="criar_novo_usuario">
<kw name="Generate Random String" owner="String">
<msg time="2024-04-21T16:00:10.964837" level="INFO">${palavra_randomica} = zk</msg>
<var>${palavra_randomica}</var>
<arg>length=2</arg>
<arg>chars=[LETTERS]</arg>
<doc>Generates a string with a desired ``length`` from the given ``chars``.</doc>
<status status="PASS" start="2024-04-21T16:00:10.963552" elapsed="0.001285"/>
</kw>
<kw name="Convert To Lower Case" owner="String">
<msg time="2024-04-21T16:00:10.965341" level="INFO">${palavra_randomica} = zk</msg>
<var>${palavra_randomica}</var>
<arg>${palavra_randomica}</arg>
<doc>Converts string to lower case.</doc>
<status status="PASS" start="2024-04-21T16:00:10.965341" elapsed="0.000000"/>
</kw>
<kw name="Set Test Variable" owner="BuiltIn">
<msg time="2024-04-21T16:00:10.967385" level="INFO">${PASSWORD} = zkM@1234</msg>
<arg>${PASSWORD}</arg>
<arg>${palavra_randomica}M@1234</arg>
<doc>Makes a variable available everywhere within the scope of the current test.</doc>
<status status="PASS" start="2024-04-21T16:00:10.965341" elapsed="0.002044"/>
</kw>
<kw name="Log" owner="BuiltIn">
<msg time="2024-04-21T16:00:10.968365" level="INFO">zkM@1234</msg>
<arg>${PASSWORD}</arg>
<doc>Logs the given message with the given level.</doc>
<status status="PASS" start="2024-04-21T16:00:10.967385" elapsed="0.000980"/>
</kw>
<kw name="Input Password" owner="SeleniumLibrary">
<msg time="2024-04-21T16:00:10.969351" level="INFO">Typing password into text field '//input[contains(@name,'password')]'.</msg>
<msg time="2024-04-21T16:00:10.978358" level="INFO">Temporally setting log level to: NONE</msg>
<arg>${PASSWORD_TEXT}</arg>
<arg>${PASSWORD}</arg>
<doc>Types the given password into the text field identified by ``locator``.</doc>
<status status="PASS" start="2024-04-21T16:00:10.968365" elapsed="0.049436"/>
</kw>
<kw name="Input Password" owner="SeleniumLibrary">
<msg time="2024-04-21T16:00:11.018809" level="INFO">Typing password into text field '//input[contains(@name,'confirmPassword')]'.</msg>
<msg time="2024-04-21T16:00:11.035858" level="INFO">Temporally setting log level to: NONE</msg>
<arg>${CONFIRM_PASS_TEXT}</arg>
<arg>${PASSWORD}</arg>
<doc>Types the given password into the text field identified by ``locator``.</doc>
<status status="PASS" start="2024-04-21T16:00:11.017801" elapsed="0.056067"/>
</kw>
<status status="PASS" start="2024-04-21T16:00:10.963552" elapsed="0.111317"/>
</kw>
<kw name="Step 9 - Create Acess Profile incorret" owner="criar_perfil_usuario">
<kw name="Input Text" owner="SeleniumLibrary">
<msg time="2024-04-21T16:00:11.077877" level="INFO">Typing text 'VISITANTE' into text field '//input[contains(@name,'accessProfile')]'.</msg>
<arg>${ACESS_PROFILE_TEXT}</arg>
<arg>VISITANTE</arg>
<doc>Types the given ``text`` into the text field identified by ``locator``.</doc>
<status status="PASS" start="2024-04-21T16:00:11.077877" elapsed="0.043676"/>
</kw>
<kw name="Click Element" owner="SeleniumLibrary">
<msg time="2024-04-21T16:00:11.122552" level="INFO">Clicking element '//button[@type='submit'][contains(.,'SALVAR NOVO')]'.</msg>
<arg>//button[@type='submit'][contains(.,'SALVAR NOVO')]</arg>
<doc>Click the element identified by ``locator``.</doc>
<status status="PASS" start="2024-04-21T16:00:11.122552" elapsed="0.251817"/>
</kw>
<status status="PASS" start="2024-04-21T16:00:11.077877" elapsed="0.296492"/>
</kw>
<kw name=" Step 10 - verify Acess Users incorret" owner="criar_perfil_usuario">
<kw name="Wait Until Page Contains" owner="SeleniumLibrary">
<arg>O campo perfil de acesso deve ser preenchido de acordo com o seu cargo exemplo: ADMIN.</arg>
<doc>Waits until ``text`` appears on the current page.</doc>
<status status="PASS" start="2024-04-21T16:00:11.376379" elapsed="0.416179"/>
</kw>
<kw name="Wait Until Page Contains Element" owner="SeleniumLibrary">
<arg>//div[@class='MuiAlert-message css-1xsto0d'][contains(.,'O campo perfil de acesso deve ser preenchido de acordo com o seu cargo exemplo: ADMIN.')]</arg>
<doc>Waits until the element ``locator`` appears on the current page.</doc>
<status status="PASS" start="2024-04-21T16:00:11.793553" elapsed="0.002992"/>
</kw>
<status status="PASS" start="2024-04-21T16:00:11.375377" elapsed="0.421168"/>
</kw>
<status status="PASS" start="2024-04-21T16:00:00.260335" elapsed="11.536210"/>
</test>
<status status="PASS" start="2024-04-21T15:59:49.973233" elapsed="21.828311"/>
</suite>
<suite id="s1-s11" name="PUT ALTERAR DIRETORIA" source="C:\Users\etmom\Desktop\ACADEMY_FRONT_END_CHIPS\tests\PUT_ALTERAR_DIRETORIA.ROBOT">
<test id="s1-s11-t1" name="CT01- ACESSAR Academy ALTERAR DIRETORIA" line="7">
<kw name="Step 1 - Acess page Login Academy" owner="acessar_academy">
<kw name="Open Browser" owner="SeleniumLibrary">
<msg time="2024-04-21T16:00:11.843550" level="INFO">Opening browser 'Firefox' to base url 'https://automacao.qacoders-academy.com.br/login'.</msg>
<arg>url=${URL}</arg>
<arg>browser=${BROWSER}</arg>
<doc>Opens a new browser instance to the optional ``url``.</doc>
<status status="PASS" start="2024-04-21T16:00:11.842549" elapsed="7.858148"/>
</kw>
<status status="PASS" start="2024-04-21T16:00:11.842549" elapsed="7.869209"/>
</kw>
<kw name=" Step 2 - Print login and password and submit" owner="acessar_academy">
<kw name="Input Text" owner="SeleniumLibrary">
<msg time="2024-04-21T16:00:19.732758" level="INFO">Typing text 'sysadmin@qacoders.com' into text field 'id=email'.</msg>
<arg>id=email</arg>
<arg>${EMAIL}</arg>
<doc>Types the given ``text`` into the text field identified by ``locator``.</doc>
<status status="PASS" start="2024-04-21T16:00:19.727761" elapsed="0.125573"/>
</kw>
<kw name="Input Text" owner="SeleniumLibrary">
<msg time="2024-04-21T16:00:19.854341" level="INFO">Typing text '1234@Test' into text field 'id=password'.</msg>
<arg>id=password</arg>
<arg>${PASSWORD}</arg>
<doc>Types the given ``text`` into the text field identified by ``locator``.</doc>
<status status="PASS" start="2024-04-21T16:00:19.853334" elapsed="0.060152"/>
</kw>
<kw name="Click Button" owner="SeleniumLibrary">
<msg time="2024-04-21T16:00:19.915822" level="INFO">Clicking button 'id=login'.</msg>
<arg>id=login</arg>
<doc>Clicks the button identified by ``locator``.</doc>
<status status="PASS" start="2024-04-21T16:00:19.915822" elapsed="0.279571"/>
</kw>
<status status="PASS" start="2024-04-21T16:00:19.721768" elapsed="0.473625"/>
</kw>
<kw name="Step 3 - Verify URL after login" owner="acessar_academy">
<kw name="Wait Until Page Contains Element" owner="SeleniumLibrary">
<arg>${SELECT_BUTTON_SELECTOR}</arg>
<doc>Waits until the element ``locator`` appears on the current page.</doc>
<status status="PASS" start="2024-04-21T16:00:20.197393" elapsed="1.226312"/>
</kw>
<kw name="Click Element" owner="SeleniumLibrary">
<msg time="2024-04-21T16:00:21.424715" level="INFO">Clicking element '//span[@class='MuiTypography-root MuiTypography-body1 MuiListItemText-primary css-yb0lig'][contains(.,'Cadastros')]'.</msg>
<arg>${SELECT_BUTTON_SELECTOR}</arg>
<doc>Click the element identified by ``locator``.</doc>
<status status="PASS" start="2024-04-21T16:00:21.423705" elapsed="0.224780"/>
</kw>
<status status="PASS" start="2024-04-21T16:00:20.195393" elapsed="1.453092"/>
</kw>
<kw name="Step 4 - Acess session DIRETORIA" owner="CRIAR_DIRETORIA">
<kw name="Wait Until Element Is Visible" owner="SeleniumLibrary">
<arg>locator=${SELECTION_DIRETORIAS}</arg>
<doc>Waits until the element ``locator`` is visible.</doc>
<status status="PASS" start="2024-04-21T16:00:21.651037" elapsed="0.028595"/>
</kw>
<kw name="Click Element" owner="SeleniumLibrary">
<msg time="2024-04-21T16:00:21.682157" level="INFO">Clicking element '//span[@class='MuiTypography-root MuiTypography-body1 MuiListItemText-primary css-yb0lig'][contains(.,'Diretorias')]'.</msg>
<arg>locator=${SELECTION_DIRETORIAS}</arg>
<doc>Click the element identified by ``locator``.</doc>
<status status="PASS" start="2024-04-21T16:00:21.681157" elapsed="0.232533"/>
</kw>
<status status="PASS" start="2024-04-21T16:00:21.650026" elapsed="0.263664"/>
</kw>
<kw name="Step 5 - Acess SEARCH DIRETORIA" owner="ALTERAR_DIRETORIA">
<kw name="Wait Until Element Is Visible" owner="SeleniumLibrary">
<arg>locator=${SEARCH_DIRETORIA_TXT}</arg>
<doc>Waits until the element ``locator`` is visible.</doc>
<status status="PASS" start="2024-04-21T16:00:21.915888" elapsed="0.217513"/>
</kw>
<kw name="Input Text" owner="SeleniumLibrary">
<msg time="2024-04-21T16:00:22.137895" level="FAIL">Variable '${NAME_DIRETORIA}' not found.</msg>
<arg>locator=${SEARCH_DIRETORIA_TXT}</arg>
<arg>text=${NAME_DIRETORIA}</arg>
<doc>Types the given ``text`` into the text field identified by ``locator``.</doc>
<status status="FAIL" start="2024-04-21T16:00:22.133401" elapsed="0.005498">Variable '${NAME_DIRETORIA}' not found.</status>
</kw>
<status status="FAIL" start="2024-04-21T16:00:21.915888" elapsed="0.224020">Variable '${NAME_DIRETORIA}' not found.</status>
</kw>
<status status="FAIL" start="2024-04-21T16:00:11.841549" elapsed="10.299350">Variable '${NAME_DIRETORIA}' not found.</status>
</test>
<status status="FAIL" start="2024-04-21T16:00:11.802545" elapsed="10.344357"/>
</suite>
<suite id="s1-s12" name="Put Alterar Usuario" source="C:\Users\etmom\Desktop\ACADEMY_FRONT_END_CHIPS\tests\put_alterar_usuario.robot">
<test id="s1-s12-t1" name="CT01-To Alter Registrer new User" line="9">
<kw name="Step 1 - Acess page Login Academy" owner="acessar_academy">
<kw name="Open Browser" owner="SeleniumLibrary">
<msg time="2024-04-21T16:00:22.230081" level="INFO">Opening browser 'Firefox' to base url 'https://automacao.qacoders-academy.com.br/login'.</msg>
<arg>url=${URL}</arg>
<arg>browser=${BROWSER}</arg>
<doc>Opens a new browser instance to the optional ``url``.</doc>
<status status="PASS" start="2024-04-21T16:00:22.228075" elapsed="8.735029"/>
</kw>
<status status="PASS" start="2024-04-21T16:00:22.226074" elapsed="8.750200"/>
</kw>
<kw name=" Step 2 - Print login and password and submit" owner="acessar_academy">
<kw name="Input Text" owner="SeleniumLibrary">
<msg time="2024-04-21T16:00:31.002791" level="INFO">Typing text 'sysadmin@qacoders.com' into text field 'id=email'.</msg>
<arg>id=email</arg>
<arg>${EMAIL}</arg>
<doc>Types the given ``text`` into the text field identified by ``locator``.</doc>
<status status="PASS" start="2024-04-21T16:00:31.000790" elapsed="0.123777"/>
</kw>
<kw name="Input Text" owner="SeleniumLibrary">
<msg time="2024-04-21T16:00:31.125758" level="INFO">Typing text '1234@Test' into text field 'id=password'.</msg>
<arg>id=password</arg>
<arg>${PASSWORD}</arg>
<doc>Types the given ``text`` into the text field identified by ``locator``.</doc>
<status status="PASS" start="2024-04-21T16:00:31.125758" elapsed="0.094799"/>
</kw>
<kw name="Click Button" owner="SeleniumLibrary">
<msg time="2024-04-21T16:00:31.221568" level="INFO">Clicking button 'id=login'.</msg>
<arg>id=login</arg>
<doc>Clicks the button identified by ``locator``.</doc>
<status status="PASS" start="2024-04-21T16:00:31.221568" elapsed="1.334562"/>
</kw>
<status status="PASS" start="2024-04-21T16:00:30.993281" elapsed="1.563850"/>
</kw>
<kw name="Step 3 - Verify URL after login" owner="acessar_academy">
<kw name="Wait Until Page Contains Element" owner="SeleniumLibrary">
<arg>${SELECT_BUTTON_SELECTOR}</arg>
<doc>Waits until the element ``locator`` appears on the current page.</doc>
<status status="PASS" start="2024-04-21T16:00:32.559130" elapsed="1.633383"/>
</kw>
<kw name="Click Element" owner="SeleniumLibrary">
<msg time="2024-04-21T16:00:34.193528" level="INFO">Clicking element '//span[@class='MuiTypography-root MuiTypography-body1 MuiListItemText-primary css-yb0lig'][contains(.,'Cadastros')]'.</msg>
<arg>${SELECT_BUTTON_SELECTOR}</arg>
<doc>Click the element identified by ``locator``.</doc>
<status status="PASS" start="2024-04-21T16:00:34.193528" elapsed="0.216579"/>
</kw>
<status status="PASS" start="2024-04-21T16:00:32.557131" elapsed="1.852976"/>
</kw>
<kw name="Step 4 - To alter User" owner="alterar_usuario">
<kw name="Wait Until Page Contains Element" owner="SeleniumLibrary">
<arg>${SELECT_BUTTON_USERS}</arg>
<doc>Waits until the element ``locator`` appears on the current page.</doc>
<status status="PASS" start="2024-04-21T16:00:34.411108" elapsed="0.002542"/>
</kw>
<kw name="Click Element" owner="SeleniumLibrary">
<msg time="2024-04-21T16:00:34.413650" level="INFO">Clicking element '//span[contains(.,'Usuários')]'.</msg>
<arg>${SELECT_BUTTON_USERS}</arg>
<doc>Click the element identified by ``locator``.</doc>
<status status="PASS" start="2024-04-21T16:00:34.413650" elapsed="0.228260"/>
</kw>
<kw name="Wait Until Page Contains Element" owner="SeleniumLibrary">
<arg>${EDIT_TEXT}</arg>
<doc>Waits until the element ``locator`` appears on the current page.</doc>
<status status="PASS" start="2024-04-21T16:00:34.642917" elapsed="0.816529"/>
</kw>
<kw name="Click Element" owner="SeleniumLibrary">
<msg time="2024-04-21T16:00:35.459446" level="INFO">Clicking element '(//button[@name='editar'][contains(.,'Editar')])[1]'.</msg>
<arg>${EDIT_TEXT}</arg>
<doc>Click the element identified by ``locator``.</doc>
<status status="PASS" start="2024-04-21T16:00:35.459446" elapsed="0.225717"/>
</kw>
<kw name="Clear Element Text" owner="SeleniumLibrary">
<arg>id=fullName</arg>
<doc>Clears the value of the text-input-element identified by ``locator``.</doc>
<status status="PASS" start="2024-04-21T16:00:35.686164" elapsed="0.008297"/>
</kw>
<kw name="Input Text" owner="SeleniumLibrary">
<msg time="2024-04-21T16:00:35.695461" level="INFO">Typing text 'Esther Rodrigues dos Reis' into text field 'id=fullName'.</msg>
<arg>id=fullName</arg>
<arg>Esther Rodrigues dos Reis</arg>
<doc>Types the given ``text`` into the text field identified by ``locator``.</doc>
<status status="PASS" start="2024-04-21T16:00:35.695461" elapsed="1.075280"/>
</kw>
<kw name="Press Keys" owner="SeleniumLibrary">
<msg time="2024-04-21T16:00:36.781741" level="INFO">Sending key(s) ('\\t',) to id=fullName element.</msg>
<msg time="2024-04-21T16:00:37.206596" level="WARN">Keyword 'Capture Page Screenshot' could not be run on failure: Message: TypeError: win is null
Stacktrace:
capture.canvas@chrome://remote/content/shared/Capture.sys.mjs:77:17
takeScreenshot@chrome://remote/content/marionette/actors/MarionetteCommandsParent.sys.mjs:292:37
</msg>
<msg time="2024-04-21T16:00:37.212595" level="FAIL">WebDriverException: Message: TypeError: browsingContext.currentWindowGlobal is null
Stacktrace:
getMarionetteCommandsActorProxy/get/&lt;@chrome://remote/content/marionette/actors/MarionetteCommandsParent.sys.mjs:357:17
</msg>
<arg>id=fullName</arg>
<arg>\\t</arg>
<doc>Simulates the user pressing key(s) to an element or on the active browser.</doc>
<status status="FAIL" start="2024-04-21T16:00:36.771742" elapsed="0.795679">WebDriverException: Message: TypeError: browsingContext.currentWindowGlobal is null
Stacktrace:
getMarionetteCommandsActorProxy/get/&lt;@chrome://remote/content/marionette/actors/MarionetteCommandsParent.sys.mjs:357:17
</status>
</kw>
<kw name="Clear Element Text" owner="SeleniumLibrary">
<arg>id=mail</arg>
<doc>Clears the value of the text-input-element identified by ``locator``.</doc>
<status status="NOT RUN" start="2024-04-21T16:00:37.568418" elapsed="0.000000"/>
</kw>
<kw name="Input Text" owner="SeleniumLibrary">
<arg>id=mail</arg>
<arg>esther@qacoders.com.br</arg>
<doc>Types the given ``text`` into the text field identified by ``locator``.</doc>
<status status="NOT RUN" start="2024-04-21T16:00:37.568418" elapsed="0.000000"/>
</kw>
<kw name="Click Element" owner="SeleniumLibrary">
<arg>${SAVE_TXT}</arg>
<doc>Click the element identified by ``locator``.</doc>
<status status="NOT RUN" start="2024-04-21T16:00:37.568418" elapsed="0.000000"/>
</kw>
<status status="FAIL" start="2024-04-21T16:00:34.411108" elapsed="3.157310">WebDriverException: Message: TypeError: browsingContext.currentWindowGlobal is null
Stacktrace:
getMarionetteCommandsActorProxy/get/&lt;@chrome://remote/content/marionette/actors/MarionetteCommandsParent.sys.mjs:357:17
</status>
</kw>
<status status="FAIL" start="2024-04-21T16:00:22.225076" elapsed="15.344342">WebDriverException: Message: TypeError: browsingContext.currentWindowGlobal is null
Stacktrace:
getMarionetteCommandsActorProxy/get/&lt;@chrome://remote/content/marionette/actors/MarionetteCommandsParent.sys.mjs:357:17
</status>
</test>
<status status="FAIL" start="2024-04-21T16:00:22.149900" elapsed="15.422519"/>
</suite>
<status status="FAIL" start="2024-04-21T15:55:07.411744" elapsed="330.162675"/>
</suite>
<statistics>
<total>
<stat pass="26" fail="5" skip="0">All Tests</stat>
</total>
<tag>
</tag>
<suite>
<stat pass="26" fail="5" skip="0" id="s1" name="Tests">Tests</stat>
<stat pass="1" fail="0" skip="0" id="s1-s1" name="Acessar Academy">Tests.Acessar Academy</stat>
<stat pass="1" fail="0" skip="0" id="s1-s2" name="Delete Deletar Usuario">Tests.Delete Deletar Usuario</stat>
<stat pass="1" fail="0" skip="0" id="s1-s3" name="Get Listar Usuarios">Tests.Get Listar Usuarios</stat>
<stat pass="3" fail="1" skip="0" id="s1-s4" name="Post Cpf Usuario">Tests.Post Cpf Usuario</stat>
<stat pass="1" fail="0" skip="0" id="s1-s5" name="POST CRIAR DIRETORIA">Tests.POST CRIAR DIRETORIA</stat>
<stat pass="1" fail="0" skip="0" id="s1-s6" name="Post Criar Senha Usuario">Tests.Post Criar Senha Usuario</stat>
<stat pass="7" fail="2" skip="0" id="s1-s7" name="Post Criar Usuario">Tests.Post Criar Usuario</stat>
<stat pass="5" fail="0" skip="0" id="s1-s8" name="Post Criarnovo Usuario Error">Tests.Post Criarnovo Usuario Error</stat>
<stat pass="4" fail="0" skip="0" id="s1-s9" name="Post Email Usuario">Tests.Post Email Usuario</stat>
<stat pass="2" fail="0" skip="0" id="s1-s10" name="Post Perfil Usuario">Tests.Post Perfil Usuario</stat>
<stat pass="0" fail="1" skip="0" id="s1-s11" name="PUT ALTERAR DIRETORIA">Tests.PUT ALTERAR DIRETORIA</stat>
<stat pass="0" fail="1" skip="0" id="s1-s12" name="Put Alterar Usuario">Tests.Put Alterar Usuario</stat>
</suite>
</statistics>
<errors>
<msg time="2024-04-21T15:56:06.796470" level="WARN">Multiple tests with name ' CT03-Create and Registrer new User' executed in suite 'Tests.Post Cpf Usuario'.</msg>
<msg time="2024-04-21T16:00:00.259335" level="WARN">Multiple tests with name ' CT01-Create and Registrer new User' executed in suite 'Tests.Post Perfil Usuario'.</msg>
<msg time="2024-04-21T16:00:37.206596" level="WARN">Keyword 'Capture Page Screenshot' could not be run on failure: Message: TypeError: win is null
Stacktrace:
capture.canvas@chrome://remote/content/shared/Capture.sys.mjs:77:17
takeScreenshot@chrome://remote/content/marionette/actors/MarionetteCommandsParent.sys.mjs:292:37
</msg>
</errors>
</robot>
